{"$message_type":"diagnostic","message":"unused import: `PyFloat`","code":{"code":"unused_imports","explanation":null},"level":"warning","spans":[{"file_name":"src\\lib.rs","byte_start":48,"byte_end":55,"line_start":2,"line_end":2,"column_start":27,"column_end":34,"is_primary":true,"text":[{"text":"use pyo3::types::{PyList, PyFloat};","highlight_start":27,"highlight_end":34}],"label":null,"suggested_replacement":null,"suggestion_applicability":null,"expansion":null}],"children":[{"message":"`#[warn(unused_imports)]` on by default","code":null,"level":"note","spans":[],"children":[],"rendered":null},{"message":"remove the unused import","code":null,"level":"help","spans":[{"file_name":"src\\lib.rs","byte_start":46,"byte_end":55,"line_start":2,"line_end":2,"column_start":25,"column_end":34,"is_primary":true,"text":[{"text":"use pyo3::types::{PyList, PyFloat};","highlight_start":25,"highlight_end":34}],"label":null,"suggested_replacement":"","suggestion_applicability":"MachineApplicable","expansion":null},{"file_name":"src\\lib.rs","byte_start":39,"byte_end":40,"line_start":2,"line_end":2,"column_start":18,"column_end":19,"is_primary":true,"text":[{"text":"use pyo3::types::{PyList, PyFloat};","highlight_start":18,"highlight_end":19}],"label":null,"suggested_replacement":"","suggestion_applicability":"MachineApplicable","expansion":null},{"file_name":"src\\lib.rs","byte_start":55,"byte_end":56,"line_start":2,"line_end":2,"column_start":34,"column_end":35,"is_primary":true,"text":[{"text":"use pyo3::types::{PyList, PyFloat};","highlight_start":34,"highlight_end":35}],"label":null,"suggested_replacement":"","suggestion_applicability":"MachineApplicable","expansion":null}],"children":[],"rendered":null}],"rendered":"\u001b[0m\u001b[1m\u001b[38;5;11mwarning\u001b[0m\u001b[0m\u001b[1m\u001b[38;5;15m: unused import: `PyFloat`\u001b[0m\n\u001b[0m \u001b[0m\u001b[0m\u001b[1m\u001b[38;5;14m--> \u001b[0m\u001b[0msrc\\lib.rs:2:27\u001b[0m\n\u001b[0m  \u001b[0m\u001b[0m\u001b[1m\u001b[38;5;14m|\u001b[0m\n\u001b[0m\u001b[1m\u001b[38;5;14m2\u001b[0m\u001b[0m \u001b[0m\u001b[0m\u001b[1m\u001b[38;5;14m|\u001b[0m\u001b[0m \u001b[0m\u001b[0muse pyo3::types::{PyList, PyFloat};\u001b[0m\n\u001b[0m  \u001b[0m\u001b[0m\u001b[1m\u001b[38;5;14m|\u001b[0m\u001b[0m                           \u001b[0m\u001b[0m\u001b[1m\u001b[38;5;11m^^^^^^^\u001b[0m\n\u001b[0m  \u001b[0m\u001b[0m\u001b[1m\u001b[38;5;14m|\u001b[0m\n\u001b[0m  \u001b[0m\u001b[0m\u001b[1m\u001b[38;5;14m= \u001b[0m\u001b[0m\u001b[1m\u001b[38;5;15mnote\u001b[0m\u001b[0m: `#[warn(unused_imports)]` on by default\u001b[0m\n\n"}
{"$message_type":"diagnostic","message":"no method named `iter` found for reference `&PyList` in the current scope","code":{"code":"E0599","explanation":"This error occurs when a method is used on a type which doesn't implement it:\n\nErroneous code example:\n\n```compile_fail,E0599\nstruct Mouth;\n\nlet x = Mouth;\nx.chocolate(); // error: no method named `chocolate` found for type `Mouth`\n               //        in the current scope\n```\n\nIn this case, you need to implement the `chocolate` method to fix the error:\n\n```\nstruct Mouth;\n\nimpl Mouth {\n    fn chocolate(&self) { // We implement the `chocolate` method here.\n        println!(\"Hmmm! I love chocolate!\");\n    }\n}\n\nlet x = Mouth;\nx.chocolate(); // ok!\n```\n"},"level":"error","spans":[{"file_name":"src\\lib.rs","byte_start":688,"byte_end":692,"line_start":23,"line_end":23,"column_start":24,"column_end":28,"is_primary":true,"text":[{"text":"    for item in series.iter() {","highlight_start":24,"highlight_end":28}],"label":null,"suggested_replacement":null,"suggestion_applicability":null,"expansion":null}],"children":[{"message":"there is a method `iter_tag` with a similar name","code":null,"level":"help","spans":[{"file_name":"src\\lib.rs","byte_start":688,"byte_end":692,"line_start":23,"line_end":23,"column_start":24,"column_end":28,"is_primary":true,"text":[{"text":"    for item in series.iter() {","highlight_start":24,"highlight_end":28}],"label":null,"suggested_replacement":"iter_tag","suggestion_applicability":"MaybeIncorrect","expansion":null}],"children":[],"rendered":null}],"rendered":"\u001b[0m\u001b[1m\u001b[38;5;9merror[E0599]\u001b[0m\u001b[0m\u001b[1m\u001b[38;5;15m: no method named `iter` found for reference `&PyList` in the current scope\u001b[0m\n\u001b[0m  \u001b[0m\u001b[0m\u001b[1m\u001b[38;5;14m--> \u001b[0m\u001b[0msrc\\lib.rs:23:24\u001b[0m\n\u001b[0m   \u001b[0m\u001b[0m\u001b[1m\u001b[38;5;14m|\u001b[0m\n\u001b[0m\u001b[1m\u001b[38;5;14m23\u001b[0m\u001b[0m \u001b[0m\u001b[0m\u001b[1m\u001b[38;5;14m|\u001b[0m\u001b[0m \u001b[0m\u001b[0m    for item in series.iter() {\u001b[0m\n\u001b[0m   \u001b[0m\u001b[0m\u001b[1m\u001b[38;5;14m|\u001b[0m\u001b[0m                        \u001b[0m\u001b[0m\u001b[1m\u001b[38;5;9m^^^^\u001b[0m\n\u001b[0m   \u001b[0m\u001b[0m\u001b[1m\u001b[38;5;14m|\u001b[0m\n\u001b[0m\u001b[1m\u001b[38;5;14mhelp\u001b[0m\u001b[0m: there is a method `iter_tag` with a similar name\u001b[0m\n\u001b[0m   \u001b[0m\u001b[0m\u001b[1m\u001b[38;5;14m|\u001b[0m\n\u001b[0m\u001b[1m\u001b[38;5;14m23\u001b[0m\u001b[0m \u001b[0m\u001b[0m\u001b[1m\u001b[38;5;14m| \u001b[0m\u001b[0m    for item in series.\u001b[0m\u001b[0m\u001b[38;5;10miter_tag\u001b[0m\u001b[0m() {\u001b[0m\n\u001b[0m   \u001b[0m\u001b[0m\u001b[1m\u001b[38;5;14m|\u001b[0m\u001b[0m                            \u001b[0m\u001b[0m\u001b[38;5;10m++++\u001b[0m\n\n"}
{"$message_type":"diagnostic","message":"no function or associated item named `new` found for struct `PyList` in the current scope","code":{"code":"E0599","explanation":"This error occurs when a method is used on a type which doesn't implement it:\n\nErroneous code example:\n\n```compile_fail,E0599\nstruct Mouth;\n\nlet x = Mouth;\nx.chocolate(); // error: no method named `chocolate` found for type `Mouth`\n               //        in the current scope\n```\n\nIn this case, you need to implement the `chocolate` method to fix the error:\n\n```\nstruct Mouth;\n\nimpl Mouth {\n    fn chocolate(&self) { // We implement the `chocolate` method here.\n        println!(\"Hmmm! I love chocolate!\");\n    }\n}\n\nlet x = Mouth;\nx.chocolate(); // ok!\n```\n"},"level":"error","spans":[{"file_name":"src\\lib.rs","byte_start":1558,"byte_end":1561,"line_start":54,"line_end":54,"column_start":29,"column_end":32,"is_primary":true,"text":[{"text":"    let py_result = PyList::new(py, &[]);","highlight_start":29,"highlight_end":32}],"label":"function or associated item not found in `PyList`","suggested_replacement":null,"suggestion_applicability":null,"expansion":null}],"children":[],"rendered":"\u001b[0m\u001b[1m\u001b[38;5;9merror[E0599]\u001b[0m\u001b[0m\u001b[1m\u001b[38;5;15m: no function or associated item named `new` found for struct `PyList` in the current scope\u001b[0m\n\u001b[0m  \u001b[0m\u001b[0m\u001b[1m\u001b[38;5;14m--> \u001b[0m\u001b[0msrc\\lib.rs:54:29\u001b[0m\n\u001b[0m   \u001b[0m\u001b[0m\u001b[1m\u001b[38;5;14m|\u001b[0m\n\u001b[0m\u001b[1m\u001b[38;5;14m54\u001b[0m\u001b[0m \u001b[0m\u001b[0m\u001b[1m\u001b[38;5;14m|\u001b[0m\u001b[0m \u001b[0m\u001b[0m    let py_result = PyList::new(py, &[]);\u001b[0m\n\u001b[0m   \u001b[0m\u001b[0m\u001b[1m\u001b[38;5;14m|\u001b[0m\u001b[0m                             \u001b[0m\u001b[0m\u001b[1m\u001b[38;5;9m^^^\u001b[0m\u001b[0m \u001b[0m\u001b[0m\u001b[1m\u001b[38;5;9mfunction or associated item not found in `PyList`\u001b[0m\n\n"}
{"$message_type":"diagnostic","message":"no function or associated item named `new` found for struct `PyList` in the current scope","code":{"code":"E0599","explanation":"This error occurs when a method is used on a type which doesn't implement it:\n\nErroneous code example:\n\n```compile_fail,E0599\nstruct Mouth;\n\nlet x = Mouth;\nx.chocolate(); // error: no method named `chocolate` found for type `Mouth`\n               //        in the current scope\n```\n\nIn this case, you need to implement the `chocolate` method to fix the error:\n\n```\nstruct Mouth;\n\nimpl Mouth {\n    fn chocolate(&self) { // We implement the `chocolate` method here.\n        println!(\"Hmmm! I love chocolate!\");\n    }\n}\n\nlet x = Mouth;\nx.chocolate(); // ok!\n```\n"},"level":"error","spans":[{"file_name":"src\\lib.rs","byte_start":1637,"byte_end":1640,"line_start":57,"line_end":57,"column_start":30,"column_end":33,"is_primary":true,"text":[{"text":"        let py_row = PyList::new(py, &[]);","highlight_start":30,"highlight_end":33}],"label":"function or associated item not found in `PyList`","suggested_replacement":null,"suggestion_applicability":null,"expansion":null}],"children":[],"rendered":"\u001b[0m\u001b[1m\u001b[38;5;9merror[E0599]\u001b[0m\u001b[0m\u001b[1m\u001b[38;5;15m: no function or associated item named `new` found for struct `PyList` in the current scope\u001b[0m\n\u001b[0m  \u001b[0m\u001b[0m\u001b[1m\u001b[38;5;14m--> \u001b[0m\u001b[0msrc\\lib.rs:57:30\u001b[0m\n\u001b[0m   \u001b[0m\u001b[0m\u001b[1m\u001b[38;5;14m|\u001b[0m\n\u001b[0m\u001b[1m\u001b[38;5;14m57\u001b[0m\u001b[0m \u001b[0m\u001b[0m\u001b[1m\u001b[38;5;14m|\u001b[0m\u001b[0m \u001b[0m\u001b[0m        let py_row = PyList::new(py, &[]);\u001b[0m\n\u001b[0m   \u001b[0m\u001b[0m\u001b[1m\u001b[38;5;14m|\u001b[0m\u001b[0m                              \u001b[0m\u001b[0m\u001b[1m\u001b[38;5;9m^^^\u001b[0m\u001b[0m \u001b[0m\u001b[0m\u001b[1m\u001b[38;5;9mfunction or associated item not found in `PyList`\u001b[0m\n\n"}
{"$message_type":"diagnostic","message":"the trait bound `&PyList: PyFunctionArgument<'_, '_>` is not satisfied","code":{"code":"E0277","explanation":"You tried to use a type which doesn't implement some trait in a place which\nexpected that trait.\n\nErroneous code example:\n\n```compile_fail,E0277\n// here we declare the Foo trait with a bar method\ntrait Foo {\n    fn bar(&self);\n}\n\n// we now declare a function which takes an object implementing the Foo trait\nfn some_func<T: Foo>(foo: T) {\n    foo.bar();\n}\n\nfn main() {\n    // we now call the method with the i32 type, which doesn't implement\n    // the Foo trait\n    some_func(5i32); // error: the trait bound `i32 : Foo` is not satisfied\n}\n```\n\nIn order to fix this error, verify that the type you're using does implement\nthe trait. Example:\n\n```\ntrait Foo {\n    fn bar(&self);\n}\n\n// we implement the trait on the i32 type\nimpl Foo for i32 {\n    fn bar(&self) {}\n}\n\nfn some_func<T: Foo>(foo: T) {\n    foo.bar(); // we can now use this method since i32 implements the\n               // Foo trait\n}\n\nfn main() {\n    some_func(5i32); // ok!\n}\n```\n\nOr in a generic context, an erroneous code example would look like:\n\n```compile_fail,E0277\nfn some_func<T>(foo: T) {\n    println!(\"{:?}\", foo); // error: the trait `core::fmt::Debug` is not\n                           //        implemented for the type `T`\n}\n\nfn main() {\n    // We now call the method with the i32 type,\n    // which *does* implement the Debug trait.\n    some_func(5i32);\n}\n```\n\nNote that the error here is in the definition of the generic function. Although\nwe only call it with a parameter that does implement `Debug`, the compiler\nstill rejects the function. It must work with all possible input types. In\norder to make this example compile, we need to restrict the generic type we're\naccepting:\n\n```\nuse std::fmt;\n\n// Restrict the input type to types that implement Debug.\nfn some_func<T: fmt::Debug>(foo: T) {\n    println!(\"{:?}\", foo);\n}\n\nfn main() {\n    // Calling the method is still fine, as i32 implements Debug.\n    some_func(5i32);\n\n    // This would fail to compile now:\n    // struct WithoutDebug;\n    // some_func(WithoutDebug);\n}\n```\n\nRust only looks at the signature of the called function, as such it must\nalready specify all requirements that will be used for every type parameter.\n"},"level":"error","spans":[{"file_name":"src\\lib.rs","byte_start":340,"byte_end":341,"line_start":13,"line_end":13,"column_start":44,"column_end":45,"is_primary":true,"text":[{"text":"fn create_lag_features(py: Python, series: &PyList, lags: Vec<usize>) -> PyResult<Py<PyList>> {","highlight_start":44,"highlight_end":45}],"label":"the trait `PyClass` is not implemented for `&PyList`","suggested_replacement":null,"suggestion_applicability":null,"expansion":null}],"children":[{"message":"the following other types implement trait `PyFunctionArgument<'a, 'py>`:\n  &'a pyo3::Bound<'py, T>\n  Option<&'a pyo3::Bound<'py, T>>","code":null,"level":"help","spans":[],"children":[],"rendered":null},{"message":"required for `&PyList` to implement `FromPyObject<'_>`","code":null,"level":"note","spans":[],"children":[],"rendered":null},{"message":"required for `&PyList` to implement `FromPyObjectBound<'_, '_>`","code":null,"level":"note","spans":[],"children":[],"rendered":null},{"message":"required for `&PyList` to implement `PyFunctionArgument<'_, '_>`","code":null,"level":"note","spans":[],"children":[],"rendered":null},{"message":"required by a bound in `extract_argument`","code":null,"level":"note","spans":[{"file_name":"C:\\Users\\vp199\\.cargo\\registry\\src\\index.crates.io-1949cf8c6b5b557f\\pyo3-0.22.6\\src\\impl_\\extract_argument.rs","byte_start":3305,"byte_end":3321,"line_start":113,"line_end":113,"column_start":8,"column_end":24,"is_primary":false,"text":[{"text":"pub fn extract_argument<'a, 'py, T>(","highlight_start":8,"highlight_end":24}],"label":"required by a bound in this function","suggested_replacement":null,"suggestion_applicability":null,"expansion":null},{"file_name":"C:\\Users\\vp199\\.cargo\\registry\\src\\index.crates.io-1949cf8c6b5b557f\\pyo3-0.22.6\\src\\impl_\\extract_argument.rs","byte_start":3448,"byte_end":3475,"line_start":119,"line_end":119,"column_start":8,"column_end":35,"is_primary":true,"text":[{"text":"    T: PyFunctionArgument<'a, 'py>,","highlight_start":8,"highlight_end":35}],"label":"required by this bound in `extract_argument`","suggested_replacement":null,"suggestion_applicability":null,"expansion":null}],"children":[],"rendered":null}],"rendered":"\u001b[0m\u001b[1m\u001b[38;5;9merror[E0277]\u001b[0m\u001b[0m\u001b[1m\u001b[38;5;15m: the trait bound `&PyList: PyFunctionArgument<'_, '_>` is not satisfied\u001b[0m\n\u001b[0m   \u001b[0m\u001b[0m\u001b[1m\u001b[38;5;14m--> \u001b[0m\u001b[0msrc\\lib.rs:13:44\u001b[0m\n\u001b[0m    \u001b[0m\u001b[0m\u001b[1m\u001b[38;5;14m|\u001b[0m\n\u001b[0m\u001b[1m\u001b[38;5;14m13\u001b[0m\u001b[0m  \u001b[0m\u001b[0m\u001b[1m\u001b[38;5;14m|\u001b[0m\u001b[0m \u001b[0m\u001b[0m\u001b[1m\u001b[38;5;14m...\u001b[0m\u001b[0m, series: &PyList, lags: Vec<usize>) -> PyResult<Py<PyList>> {\u001b[0m\n\u001b[0m    \u001b[0m\u001b[0m\u001b[1m\u001b[38;5;14m|\u001b[0m\u001b[0m              \u001b[0m\u001b[0m\u001b[1m\u001b[38;5;9m^\u001b[0m\u001b[0m \u001b[0m\u001b[0m\u001b[1m\u001b[38;5;9mthe trait `PyClass` is not implemented for `&PyList`\u001b[0m\n\u001b[0m    \u001b[0m\u001b[0m\u001b[1m\u001b[38;5;14m|\u001b[0m\n\u001b[0m    \u001b[0m\u001b[0m\u001b[1m\u001b[38;5;14m= \u001b[0m\u001b[0m\u001b[1m\u001b[38;5;15mhelp\u001b[0m\u001b[0m: the following other types implement trait `PyFunctionArgument<'a, 'py>`:\u001b[0m\n\u001b[0m              &'a pyo3::Bound<'py, T>\u001b[0m\n\u001b[0m              Option<&'a pyo3::Bound<'py, T>>\u001b[0m\n\u001b[0m    \u001b[0m\u001b[0m\u001b[1m\u001b[38;5;14m= \u001b[0m\u001b[0m\u001b[1m\u001b[38;5;15mnote\u001b[0m\u001b[0m: required for `&PyList` to implement `FromPyObject<'_>`\u001b[0m\n\u001b[0m    \u001b[0m\u001b[0m\u001b[1m\u001b[38;5;14m= \u001b[0m\u001b[0m\u001b[1m\u001b[38;5;15mnote\u001b[0m\u001b[0m: required for `&PyList` to implement `FromPyObjectBound<'_, '_>`\u001b[0m\n\u001b[0m    \u001b[0m\u001b[0m\u001b[1m\u001b[38;5;14m= \u001b[0m\u001b[0m\u001b[1m\u001b[38;5;15mnote\u001b[0m\u001b[0m: required for `&PyList` to implement `PyFunctionArgument<'_, '_>`\u001b[0m\n\u001b[0m\u001b[1m\u001b[38;5;10mnote\u001b[0m\u001b[0m: required by a bound in `extract_argument`\u001b[0m\n\u001b[0m   \u001b[0m\u001b[0m\u001b[1m\u001b[38;5;14m--> \u001b[0m\u001b[0mC:\\Users\\vp199\\.cargo\\registry\\src\\index.crates.io-1949cf8c6b5b557f\\pyo3-0.22.6\\src\\impl_\\extract_argument.rs:119:8\u001b[0m\n\u001b[0m    \u001b[0m\u001b[0m\u001b[1m\u001b[38;5;14m|\u001b[0m\n\u001b[0m\u001b[1m\u001b[38;5;14m113\u001b[0m\u001b[0m \u001b[0m\u001b[0m\u001b[1m\u001b[38;5;14m|\u001b[0m\u001b[0m \u001b[0m\u001b[0mpub fn extract_argument<'a, 'py, T>(\u001b[0m\n\u001b[0m    \u001b[0m\u001b[0m\u001b[1m\u001b[38;5;14m|\u001b[0m\u001b[0m        \u001b[0m\u001b[0m\u001b[1m\u001b[38;5;14m----------------\u001b[0m\u001b[0m \u001b[0m\u001b[0m\u001b[1m\u001b[38;5;14mrequired by a bound in this function\u001b[0m\n\u001b[0m\u001b[1m\u001b[38;5;14m...\u001b[0m\n\u001b[0m\u001b[1m\u001b[38;5;14m119\u001b[0m\u001b[0m \u001b[0m\u001b[0m\u001b[1m\u001b[38;5;14m|\u001b[0m\u001b[0m \u001b[0m\u001b[0m    T: PyFunctionArgument<'a, 'py>,\u001b[0m\n\u001b[0m    \u001b[0m\u001b[0m\u001b[1m\u001b[38;5;14m|\u001b[0m\u001b[0m        \u001b[0m\u001b[0m\u001b[1m\u001b[38;5;10m^^^^^^^^^^^^^^^^^^^^^^^^^^^\u001b[0m\u001b[0m \u001b[0m\u001b[0m\u001b[1m\u001b[38;5;10mrequired by this bound in `extract_argument`\u001b[0m\n\n"}
{"$message_type":"diagnostic","message":"no method named `iter` found for reference `&PyList` in the current scope","code":{"code":"E0599","explanation":"This error occurs when a method is used on a type which doesn't implement it:\n\nErroneous code example:\n\n```compile_fail,E0599\nstruct Mouth;\n\nlet x = Mouth;\nx.chocolate(); // error: no method named `chocolate` found for type `Mouth`\n               //        in the current scope\n```\n\nIn this case, you need to implement the `chocolate` method to fix the error:\n\n```\nstruct Mouth;\n\nimpl Mouth {\n    fn chocolate(&self) { // We implement the `chocolate` method here.\n        println!(\"Hmmm! I love chocolate!\");\n    }\n}\n\nlet x = Mouth;\nx.chocolate(); // ok!\n```\n"},"level":"error","spans":[{"file_name":"src\\lib.rs","byte_start":2593,"byte_end":2597,"line_start":90,"line_end":90,"column_start":24,"column_end":28,"is_primary":true,"text":[{"text":"    for item in series.iter() {","highlight_start":24,"highlight_end":28}],"label":null,"suggested_replacement":null,"suggestion_applicability":null,"expansion":null}],"children":[{"message":"there is a method `iter_tag` with a similar name","code":null,"level":"help","spans":[{"file_name":"src\\lib.rs","byte_start":2593,"byte_end":2597,"line_start":90,"line_end":90,"column_start":24,"column_end":28,"is_primary":true,"text":[{"text":"    for item in series.iter() {","highlight_start":24,"highlight_end":28}],"label":null,"suggested_replacement":"iter_tag","suggestion_applicability":"MaybeIncorrect","expansion":null}],"children":[],"rendered":null}],"rendered":"\u001b[0m\u001b[1m\u001b[38;5;9merror[E0599]\u001b[0m\u001b[0m\u001b[1m\u001b[38;5;15m: no method named `iter` found for reference `&PyList` in the current scope\u001b[0m\n\u001b[0m  \u001b[0m\u001b[0m\u001b[1m\u001b[38;5;14m--> \u001b[0m\u001b[0msrc\\lib.rs:90:24\u001b[0m\n\u001b[0m   \u001b[0m\u001b[0m\u001b[1m\u001b[38;5;14m|\u001b[0m\n\u001b[0m\u001b[1m\u001b[38;5;14m90\u001b[0m\u001b[0m \u001b[0m\u001b[0m\u001b[1m\u001b[38;5;14m|\u001b[0m\u001b[0m \u001b[0m\u001b[0m    for item in series.iter() {\u001b[0m\n\u001b[0m   \u001b[0m\u001b[0m\u001b[1m\u001b[38;5;14m|\u001b[0m\u001b[0m                        \u001b[0m\u001b[0m\u001b[1m\u001b[38;5;9m^^^^\u001b[0m\n\u001b[0m   \u001b[0m\u001b[0m\u001b[1m\u001b[38;5;14m|\u001b[0m\n\u001b[0m\u001b[1m\u001b[38;5;14mhelp\u001b[0m\u001b[0m: there is a method `iter_tag` with a similar name\u001b[0m\n\u001b[0m   \u001b[0m\u001b[0m\u001b[1m\u001b[38;5;14m|\u001b[0m\n\u001b[0m\u001b[1m\u001b[38;5;14m90\u001b[0m\u001b[0m \u001b[0m\u001b[0m\u001b[1m\u001b[38;5;14m| \u001b[0m\u001b[0m    for item in series.\u001b[0m\u001b[0m\u001b[38;5;10miter_tag\u001b[0m\u001b[0m() {\u001b[0m\n\u001b[0m   \u001b[0m\u001b[0m\u001b[1m\u001b[38;5;14m|\u001b[0m\u001b[0m                            \u001b[0m\u001b[0m\u001b[38;5;10m++++\u001b[0m\n\n"}
{"$message_type":"diagnostic","message":"no function or associated item named `new` found for struct `PyList` in the current scope","code":{"code":"E0599","explanation":"This error occurs when a method is used on a type which doesn't implement it:\n\nErroneous code example:\n\n```compile_fail,E0599\nstruct Mouth;\n\nlet x = Mouth;\nx.chocolate(); // error: no method named `chocolate` found for type `Mouth`\n               //        in the current scope\n```\n\nIn this case, you need to implement the `chocolate` method to fix the error:\n\n```\nstruct Mouth;\n\nimpl Mouth {\n    fn chocolate(&self) { // We implement the `chocolate` method here.\n        println!(\"Hmmm! I love chocolate!\");\n    }\n}\n\nlet x = Mouth;\nx.chocolate(); // ok!\n```\n"},"level":"error","spans":[{"file_name":"src\\lib.rs","byte_start":3500,"byte_end":3503,"line_start":121,"line_end":121,"column_start":29,"column_end":32,"is_primary":true,"text":[{"text":"    let py_result = PyList::new(py, &[]);","highlight_start":29,"highlight_end":32}],"label":"function or associated item not found in `PyList`","suggested_replacement":null,"suggestion_applicability":null,"expansion":null}],"children":[],"rendered":"\u001b[0m\u001b[1m\u001b[38;5;9merror[E0599]\u001b[0m\u001b[0m\u001b[1m\u001b[38;5;15m: no function or associated item named `new` found for struct `PyList` in the current scope\u001b[0m\n\u001b[0m   \u001b[0m\u001b[0m\u001b[1m\u001b[38;5;14m--> \u001b[0m\u001b[0msrc\\lib.rs:121:29\u001b[0m\n\u001b[0m    \u001b[0m\u001b[0m\u001b[1m\u001b[38;5;14m|\u001b[0m\n\u001b[0m\u001b[1m\u001b[38;5;14m121\u001b[0m\u001b[0m \u001b[0m\u001b[0m\u001b[1m\u001b[38;5;14m|\u001b[0m\u001b[0m \u001b[0m\u001b[0m    let py_result = PyList::new(py, &[]);\u001b[0m\n\u001b[0m    \u001b[0m\u001b[0m\u001b[1m\u001b[38;5;14m|\u001b[0m\u001b[0m                             \u001b[0m\u001b[0m\u001b[1m\u001b[38;5;9m^^^\u001b[0m\u001b[0m \u001b[0m\u001b[0m\u001b[1m\u001b[38;5;9mfunction or associated item not found in `PyList`\u001b[0m\n\n"}
{"$message_type":"diagnostic","message":"no function or associated item named `new` found for struct `PyList` in the current scope","code":{"code":"E0599","explanation":"This error occurs when a method is used on a type which doesn't implement it:\n\nErroneous code example:\n\n```compile_fail,E0599\nstruct Mouth;\n\nlet x = Mouth;\nx.chocolate(); // error: no method named `chocolate` found for type `Mouth`\n               //        in the current scope\n```\n\nIn this case, you need to implement the `chocolate` method to fix the error:\n\n```\nstruct Mouth;\n\nimpl Mouth {\n    fn chocolate(&self) { // We implement the `chocolate` method here.\n        println!(\"Hmmm! I love chocolate!\");\n    }\n}\n\nlet x = Mouth;\nx.chocolate(); // ok!\n```\n"},"level":"error","spans":[{"file_name":"src\\lib.rs","byte_start":3579,"byte_end":3582,"line_start":124,"line_end":124,"column_start":30,"column_end":33,"is_primary":true,"text":[{"text":"        let py_row = PyList::new(py, &[]);","highlight_start":30,"highlight_end":33}],"label":"function or associated item not found in `PyList`","suggested_replacement":null,"suggestion_applicability":null,"expansion":null}],"children":[],"rendered":"\u001b[0m\u001b[1m\u001b[38;5;9merror[E0599]\u001b[0m\u001b[0m\u001b[1m\u001b[38;5;15m: no function or associated item named `new` found for struct `PyList` in the current scope\u001b[0m\n\u001b[0m   \u001b[0m\u001b[0m\u001b[1m\u001b[38;5;14m--> \u001b[0m\u001b[0msrc\\lib.rs:124:30\u001b[0m\n\u001b[0m    \u001b[0m\u001b[0m\u001b[1m\u001b[38;5;14m|\u001b[0m\n\u001b[0m\u001b[1m\u001b[38;5;14m124\u001b[0m\u001b[0m \u001b[0m\u001b[0m\u001b[1m\u001b[38;5;14m|\u001b[0m\u001b[0m \u001b[0m\u001b[0m        let py_row = PyList::new(py, &[]);\u001b[0m\n\u001b[0m    \u001b[0m\u001b[0m\u001b[1m\u001b[38;5;14m|\u001b[0m\u001b[0m                              \u001b[0m\u001b[0m\u001b[1m\u001b[38;5;9m^^^\u001b[0m\u001b[0m \u001b[0m\u001b[0m\u001b[1m\u001b[38;5;9mfunction or associated item not found in `PyList`\u001b[0m\n\n"}
{"$message_type":"diagnostic","message":"the trait bound `&PyList: PyFunctionArgument<'_, '_>` is not satisfied","code":{"code":"E0277","explanation":"You tried to use a type which doesn't implement some trait in a place which\nexpected that trait.\n\nErroneous code example:\n\n```compile_fail,E0277\n// here we declare the Foo trait with a bar method\ntrait Foo {\n    fn bar(&self);\n}\n\n// we now declare a function which takes an object implementing the Foo trait\nfn some_func<T: Foo>(foo: T) {\n    foo.bar();\n}\n\nfn main() {\n    // we now call the method with the i32 type, which doesn't implement\n    // the Foo trait\n    some_func(5i32); // error: the trait bound `i32 : Foo` is not satisfied\n}\n```\n\nIn order to fix this error, verify that the type you're using does implement\nthe trait. Example:\n\n```\ntrait Foo {\n    fn bar(&self);\n}\n\n// we implement the trait on the i32 type\nimpl Foo for i32 {\n    fn bar(&self) {}\n}\n\nfn some_func<T: Foo>(foo: T) {\n    foo.bar(); // we can now use this method since i32 implements the\n               // Foo trait\n}\n\nfn main() {\n    some_func(5i32); // ok!\n}\n```\n\nOr in a generic context, an erroneous code example would look like:\n\n```compile_fail,E0277\nfn some_func<T>(foo: T) {\n    println!(\"{:?}\", foo); // error: the trait `core::fmt::Debug` is not\n                           //        implemented for the type `T`\n}\n\nfn main() {\n    // We now call the method with the i32 type,\n    // which *does* implement the Debug trait.\n    some_func(5i32);\n}\n```\n\nNote that the error here is in the definition of the generic function. Although\nwe only call it with a parameter that does implement `Debug`, the compiler\nstill rejects the function. It must work with all possible input types. In\norder to make this example compile, we need to restrict the generic type we're\naccepting:\n\n```\nuse std::fmt;\n\n// Restrict the input type to types that implement Debug.\nfn some_func<T: fmt::Debug>(foo: T) {\n    println!(\"{:?}\", foo);\n}\n\nfn main() {\n    // Calling the method is still fine, as i32 implements Debug.\n    some_func(5i32);\n\n    // This would fail to compile now:\n    // struct WithoutDebug;\n    // some_func(WithoutDebug);\n}\n```\n\nRust only looks at the signature of the called function, as such it must\nalready specify all requirements that will be used for every type parameter.\n"},"level":"error","spans":[{"file_name":"src\\lib.rs","byte_start":2236,"byte_end":2237,"line_start":80,"line_end":80,"column_start":45,"column_end":46,"is_primary":true,"text":[{"text":"fn create_diff_features(py: Python, series: &PyList, periods: Vec<usize>) -> PyResult<Py<PyList>> {","highlight_start":45,"highlight_end":46}],"label":"the trait `PyClass` is not implemented for `&PyList`","suggested_replacement":null,"suggestion_applicability":null,"expansion":null}],"children":[{"message":"the following other types implement trait `PyFunctionArgument<'a, 'py>`:\n  &'a pyo3::Bound<'py, T>\n  Option<&'a pyo3::Bound<'py, T>>","code":null,"level":"help","spans":[],"children":[],"rendered":null},{"message":"required for `&PyList` to implement `FromPyObject<'_>`","code":null,"level":"note","spans":[],"children":[],"rendered":null},{"message":"required for `&PyList` to implement `FromPyObjectBound<'_, '_>`","code":null,"level":"note","spans":[],"children":[],"rendered":null},{"message":"required for `&PyList` to implement `PyFunctionArgument<'_, '_>`","code":null,"level":"note","spans":[],"children":[],"rendered":null},{"message":"required by a bound in `extract_argument`","code":null,"level":"note","spans":[{"file_name":"C:\\Users\\vp199\\.cargo\\registry\\src\\index.crates.io-1949cf8c6b5b557f\\pyo3-0.22.6\\src\\impl_\\extract_argument.rs","byte_start":3305,"byte_end":3321,"line_start":113,"line_end":113,"column_start":8,"column_end":24,"is_primary":false,"text":[{"text":"pub fn extract_argument<'a, 'py, T>(","highlight_start":8,"highlight_end":24}],"label":"required by a bound in this function","suggested_replacement":null,"suggestion_applicability":null,"expansion":null},{"file_name":"C:\\Users\\vp199\\.cargo\\registry\\src\\index.crates.io-1949cf8c6b5b557f\\pyo3-0.22.6\\src\\impl_\\extract_argument.rs","byte_start":3448,"byte_end":3475,"line_start":119,"line_end":119,"column_start":8,"column_end":35,"is_primary":true,"text":[{"text":"    T: PyFunctionArgument<'a, 'py>,","highlight_start":8,"highlight_end":35}],"label":"required by this bound in `extract_argument`","suggested_replacement":null,"suggestion_applicability":null,"expansion":null}],"children":[],"rendered":null}],"rendered":"\u001b[0m\u001b[1m\u001b[38;5;9merror[E0277]\u001b[0m\u001b[0m\u001b[1m\u001b[38;5;15m: the trait bound `&PyList: PyFunctionArgument<'_, '_>` is not satisfied\u001b[0m\n\u001b[0m   \u001b[0m\u001b[0m\u001b[1m\u001b[38;5;14m--> \u001b[0m\u001b[0msrc\\lib.rs:80:45\u001b[0m\n\u001b[0m    \u001b[0m\u001b[0m\u001b[1m\u001b[38;5;14m|\u001b[0m\n\u001b[0m\u001b[1m\u001b[38;5;14m80\u001b[0m\u001b[0m  \u001b[0m\u001b[0m\u001b[1m\u001b[38;5;14m|\u001b[0m\u001b[0m \u001b[0m\u001b[0m\u001b[1m\u001b[38;5;14m...\u001b[0m\u001b[0m, series: &PyList, periods: Vec<usize>) -> PyResult<Py<PyList>> {\u001b[0m\n\u001b[0m    \u001b[0m\u001b[0m\u001b[1m\u001b[38;5;14m|\u001b[0m\u001b[0m              \u001b[0m\u001b[0m\u001b[1m\u001b[38;5;9m^\u001b[0m\u001b[0m \u001b[0m\u001b[0m\u001b[1m\u001b[38;5;9mthe trait `PyClass` is not implemented for `&PyList`\u001b[0m\n\u001b[0m    \u001b[0m\u001b[0m\u001b[1m\u001b[38;5;14m|\u001b[0m\n\u001b[0m    \u001b[0m\u001b[0m\u001b[1m\u001b[38;5;14m= \u001b[0m\u001b[0m\u001b[1m\u001b[38;5;15mhelp\u001b[0m\u001b[0m: the following other types implement trait `PyFunctionArgument<'a, 'py>`:\u001b[0m\n\u001b[0m              &'a pyo3::Bound<'py, T>\u001b[0m\n\u001b[0m              Option<&'a pyo3::Bound<'py, T>>\u001b[0m\n\u001b[0m    \u001b[0m\u001b[0m\u001b[1m\u001b[38;5;14m= \u001b[0m\u001b[0m\u001b[1m\u001b[38;5;15mnote\u001b[0m\u001b[0m: required for `&PyList` to implement `FromPyObject<'_>`\u001b[0m\n\u001b[0m    \u001b[0m\u001b[0m\u001b[1m\u001b[38;5;14m= \u001b[0m\u001b[0m\u001b[1m\u001b[38;5;15mnote\u001b[0m\u001b[0m: required for `&PyList` to implement `FromPyObjectBound<'_, '_>`\u001b[0m\n\u001b[0m    \u001b[0m\u001b[0m\u001b[1m\u001b[38;5;14m= \u001b[0m\u001b[0m\u001b[1m\u001b[38;5;15mnote\u001b[0m\u001b[0m: required for `&PyList` to implement `PyFunctionArgument<'_, '_>`\u001b[0m\n\u001b[0m\u001b[1m\u001b[38;5;10mnote\u001b[0m\u001b[0m: required by a bound in `extract_argument`\u001b[0m\n\u001b[0m   \u001b[0m\u001b[0m\u001b[1m\u001b[38;5;14m--> \u001b[0m\u001b[0mC:\\Users\\vp199\\.cargo\\registry\\src\\index.crates.io-1949cf8c6b5b557f\\pyo3-0.22.6\\src\\impl_\\extract_argument.rs:119:8\u001b[0m\n\u001b[0m    \u001b[0m\u001b[0m\u001b[1m\u001b[38;5;14m|\u001b[0m\n\u001b[0m\u001b[1m\u001b[38;5;14m113\u001b[0m\u001b[0m \u001b[0m\u001b[0m\u001b[1m\u001b[38;5;14m|\u001b[0m\u001b[0m \u001b[0m\u001b[0mpub fn extract_argument<'a, 'py, T>(\u001b[0m\n\u001b[0m    \u001b[0m\u001b[0m\u001b[1m\u001b[38;5;14m|\u001b[0m\u001b[0m        \u001b[0m\u001b[0m\u001b[1m\u001b[38;5;14m----------------\u001b[0m\u001b[0m \u001b[0m\u001b[0m\u001b[1m\u001b[38;5;14mrequired by a bound in this function\u001b[0m\n\u001b[0m\u001b[1m\u001b[38;5;14m...\u001b[0m\n\u001b[0m\u001b[1m\u001b[38;5;14m119\u001b[0m\u001b[0m \u001b[0m\u001b[0m\u001b[1m\u001b[38;5;14m|\u001b[0m\u001b[0m \u001b[0m\u001b[0m    T: PyFunctionArgument<'a, 'py>,\u001b[0m\n\u001b[0m    \u001b[0m\u001b[0m\u001b[1m\u001b[38;5;14m|\u001b[0m\u001b[0m        \u001b[0m\u001b[0m\u001b[1m\u001b[38;5;10m^^^^^^^^^^^^^^^^^^^^^^^^^^^\u001b[0m\u001b[0m \u001b[0m\u001b[0m\u001b[1m\u001b[38;5;10mrequired by this bound in `extract_argument`\u001b[0m\n\n"}
{"$message_type":"diagnostic","message":"no method named `iter` found for reference `&PyList` in the current scope","code":{"code":"E0599","explanation":"This error occurs when a method is used on a type which doesn't implement it:\n\nErroneous code example:\n\n```compile_fail,E0599\nstruct Mouth;\n\nlet x = Mouth;\nx.chocolate(); // error: no method named `chocolate` found for type `Mouth`\n               //        in the current scope\n```\n\nIn this case, you need to implement the `chocolate` method to fix the error:\n\n```\nstruct Mouth;\n\nimpl Mouth {\n    fn chocolate(&self) { // We implement the `chocolate` method here.\n        println!(\"Hmmm! I love chocolate!\");\n    }\n}\n\nlet x = Mouth;\nx.chocolate(); // ok!\n```\n"},"level":"error","spans":[{"file_name":"src\\lib.rs","byte_start":4562,"byte_end":4566,"line_start":157,"line_end":157,"column_start":24,"column_end":28,"is_primary":true,"text":[{"text":"    for item in series.iter() {","highlight_start":24,"highlight_end":28}],"label":null,"suggested_replacement":null,"suggestion_applicability":null,"expansion":null}],"children":[{"message":"there is a method `iter_tag` with a similar name","code":null,"level":"help","spans":[{"file_name":"src\\lib.rs","byte_start":4562,"byte_end":4566,"line_start":157,"line_end":157,"column_start":24,"column_end":28,"is_primary":true,"text":[{"text":"    for item in series.iter() {","highlight_start":24,"highlight_end":28}],"label":null,"suggested_replacement":"iter_tag","suggestion_applicability":"MaybeIncorrect","expansion":null}],"children":[],"rendered":null}],"rendered":"\u001b[0m\u001b[1m\u001b[38;5;9merror[E0599]\u001b[0m\u001b[0m\u001b[1m\u001b[38;5;15m: no method named `iter` found for reference `&PyList` in the current scope\u001b[0m\n\u001b[0m   \u001b[0m\u001b[0m\u001b[1m\u001b[38;5;14m--> \u001b[0m\u001b[0msrc\\lib.rs:157:24\u001b[0m\n\u001b[0m    \u001b[0m\u001b[0m\u001b[1m\u001b[38;5;14m|\u001b[0m\n\u001b[0m\u001b[1m\u001b[38;5;14m157\u001b[0m\u001b[0m \u001b[0m\u001b[0m\u001b[1m\u001b[38;5;14m|\u001b[0m\u001b[0m \u001b[0m\u001b[0m    for item in series.iter() {\u001b[0m\n\u001b[0m    \u001b[0m\u001b[0m\u001b[1m\u001b[38;5;14m|\u001b[0m\u001b[0m                        \u001b[0m\u001b[0m\u001b[1m\u001b[38;5;9m^^^^\u001b[0m\n\u001b[0m    \u001b[0m\u001b[0m\u001b[1m\u001b[38;5;14m|\u001b[0m\n\u001b[0m\u001b[1m\u001b[38;5;14mhelp\u001b[0m\u001b[0m: there is a method `iter_tag` with a similar name\u001b[0m\n\u001b[0m    \u001b[0m\u001b[0m\u001b[1m\u001b[38;5;14m|\u001b[0m\n\u001b[0m\u001b[1m\u001b[38;5;14m157\u001b[0m\u001b[0m \u001b[0m\u001b[0m\u001b[1m\u001b[38;5;14m| \u001b[0m\u001b[0m    for item in series.\u001b[0m\u001b[0m\u001b[38;5;10miter_tag\u001b[0m\u001b[0m() {\u001b[0m\n\u001b[0m    \u001b[0m\u001b[0m\u001b[1m\u001b[38;5;14m|\u001b[0m\u001b[0m                            \u001b[0m\u001b[0m\u001b[38;5;10m++++\u001b[0m\n\n"}
{"$message_type":"diagnostic","message":"no function or associated item named `new` found for struct `PyList` in the current scope","code":{"code":"E0599","explanation":"This error occurs when a method is used on a type which doesn't implement it:\n\nErroneous code example:\n\n```compile_fail,E0599\nstruct Mouth;\n\nlet x = Mouth;\nx.chocolate(); // error: no method named `chocolate` found for type `Mouth`\n               //        in the current scope\n```\n\nIn this case, you need to implement the `chocolate` method to fix the error:\n\n```\nstruct Mouth;\n\nimpl Mouth {\n    fn chocolate(&self) { // We implement the `chocolate` method here.\n        println!(\"Hmmm! I love chocolate!\");\n    }\n}\n\nlet x = Mouth;\nx.chocolate(); // ok!\n```\n"},"level":"error","spans":[{"file_name":"src\\lib.rs","byte_start":5664,"byte_end":5667,"line_start":192,"line_end":192,"column_start":29,"column_end":32,"is_primary":true,"text":[{"text":"    let py_result = PyList::new(py, &[]);","highlight_start":29,"highlight_end":32}],"label":"function or associated item not found in `PyList`","suggested_replacement":null,"suggestion_applicability":null,"expansion":null}],"children":[],"rendered":"\u001b[0m\u001b[1m\u001b[38;5;9merror[E0599]\u001b[0m\u001b[0m\u001b[1m\u001b[38;5;15m: no function or associated item named `new` found for struct `PyList` in the current scope\u001b[0m\n\u001b[0m   \u001b[0m\u001b[0m\u001b[1m\u001b[38;5;14m--> \u001b[0m\u001b[0msrc\\lib.rs:192:29\u001b[0m\n\u001b[0m    \u001b[0m\u001b[0m\u001b[1m\u001b[38;5;14m|\u001b[0m\n\u001b[0m\u001b[1m\u001b[38;5;14m192\u001b[0m\u001b[0m \u001b[0m\u001b[0m\u001b[1m\u001b[38;5;14m|\u001b[0m\u001b[0m \u001b[0m\u001b[0m    let py_result = PyList::new(py, &[]);\u001b[0m\n\u001b[0m    \u001b[0m\u001b[0m\u001b[1m\u001b[38;5;14m|\u001b[0m\u001b[0m                             \u001b[0m\u001b[0m\u001b[1m\u001b[38;5;9m^^^\u001b[0m\u001b[0m \u001b[0m\u001b[0m\u001b[1m\u001b[38;5;9mfunction or associated item not found in `PyList`\u001b[0m\n\n"}
{"$message_type":"diagnostic","message":"no function or associated item named `new` found for struct `PyList` in the current scope","code":{"code":"E0599","explanation":"This error occurs when a method is used on a type which doesn't implement it:\n\nErroneous code example:\n\n```compile_fail,E0599\nstruct Mouth;\n\nlet x = Mouth;\nx.chocolate(); // error: no method named `chocolate` found for type `Mouth`\n               //        in the current scope\n```\n\nIn this case, you need to implement the `chocolate` method to fix the error:\n\n```\nstruct Mouth;\n\nimpl Mouth {\n    fn chocolate(&self) { // We implement the `chocolate` method here.\n        println!(\"Hmmm! I love chocolate!\");\n    }\n}\n\nlet x = Mouth;\nx.chocolate(); // ok!\n```\n"},"level":"error","spans":[{"file_name":"src\\lib.rs","byte_start":5743,"byte_end":5746,"line_start":195,"line_end":195,"column_start":30,"column_end":33,"is_primary":true,"text":[{"text":"        let py_row = PyList::new(py, &[]);","highlight_start":30,"highlight_end":33}],"label":"function or associated item not found in `PyList`","suggested_replacement":null,"suggestion_applicability":null,"expansion":null}],"children":[],"rendered":"\u001b[0m\u001b[1m\u001b[38;5;9merror[E0599]\u001b[0m\u001b[0m\u001b[1m\u001b[38;5;15m: no function or associated item named `new` found for struct `PyList` in the current scope\u001b[0m\n\u001b[0m   \u001b[0m\u001b[0m\u001b[1m\u001b[38;5;14m--> \u001b[0m\u001b[0msrc\\lib.rs:195:30\u001b[0m\n\u001b[0m    \u001b[0m\u001b[0m\u001b[1m\u001b[38;5;14m|\u001b[0m\n\u001b[0m\u001b[1m\u001b[38;5;14m195\u001b[0m\u001b[0m \u001b[0m\u001b[0m\u001b[1m\u001b[38;5;14m|\u001b[0m\u001b[0m \u001b[0m\u001b[0m        let py_row = PyList::new(py, &[]);\u001b[0m\n\u001b[0m    \u001b[0m\u001b[0m\u001b[1m\u001b[38;5;14m|\u001b[0m\u001b[0m                              \u001b[0m\u001b[0m\u001b[1m\u001b[38;5;9m^^^\u001b[0m\u001b[0m \u001b[0m\u001b[0m\u001b[1m\u001b[38;5;9mfunction or associated item not found in `PyList`\u001b[0m\n\n"}
{"$message_type":"diagnostic","message":"the trait bound `&PyList: PyFunctionArgument<'_, '_>` is not satisfied","code":{"code":"E0277","explanation":"You tried to use a type which doesn't implement some trait in a place which\nexpected that trait.\n\nErroneous code example:\n\n```compile_fail,E0277\n// here we declare the Foo trait with a bar method\ntrait Foo {\n    fn bar(&self);\n}\n\n// we now declare a function which takes an object implementing the Foo trait\nfn some_func<T: Foo>(foo: T) {\n    foo.bar();\n}\n\nfn main() {\n    // we now call the method with the i32 type, which doesn't implement\n    // the Foo trait\n    some_func(5i32); // error: the trait bound `i32 : Foo` is not satisfied\n}\n```\n\nIn order to fix this error, verify that the type you're using does implement\nthe trait. Example:\n\n```\ntrait Foo {\n    fn bar(&self);\n}\n\n// we implement the trait on the i32 type\nimpl Foo for i32 {\n    fn bar(&self) {}\n}\n\nfn some_func<T: Foo>(foo: T) {\n    foo.bar(); // we can now use this method since i32 implements the\n               // Foo trait\n}\n\nfn main() {\n    some_func(5i32); // ok!\n}\n```\n\nOr in a generic context, an erroneous code example would look like:\n\n```compile_fail,E0277\nfn some_func<T>(foo: T) {\n    println!(\"{:?}\", foo); // error: the trait `core::fmt::Debug` is not\n                           //        implemented for the type `T`\n}\n\nfn main() {\n    // We now call the method with the i32 type,\n    // which *does* implement the Debug trait.\n    some_func(5i32);\n}\n```\n\nNote that the error here is in the definition of the generic function. Although\nwe only call it with a parameter that does implement `Debug`, the compiler\nstill rejects the function. It must work with all possible input types. In\norder to make this example compile, we need to restrict the generic type we're\naccepting:\n\n```\nuse std::fmt;\n\n// Restrict the input type to types that implement Debug.\nfn some_func<T: fmt::Debug>(foo: T) {\n    println!(\"{:?}\", foo);\n}\n\nfn main() {\n    // Calling the method is still fine, as i32 implements Debug.\n    some_func(5i32);\n\n    // This would fail to compile now:\n    // struct WithoutDebug;\n    // some_func(WithoutDebug);\n}\n```\n\nRust only looks at the signature of the called function, as such it must\nalready specify all requirements that will be used for every type parameter.\n"},"level":"error","spans":[{"file_name":"src\\lib.rs","byte_start":4205,"byte_end":4206,"line_start":147,"line_end":147,"column_start":51,"column_end":52,"is_primary":true,"text":[{"text":"fn create_pct_change_features(py: Python, series: &PyList, periods: Vec<usize>) -> PyResult<Py<PyList>> {","highlight_start":51,"highlight_end":52}],"label":"the trait `PyClass` is not implemented for `&PyList`","suggested_replacement":null,"suggestion_applicability":null,"expansion":null}],"children":[{"message":"the following other types implement trait `PyFunctionArgument<'a, 'py>`:\n  &'a pyo3::Bound<'py, T>\n  Option<&'a pyo3::Bound<'py, T>>","code":null,"level":"help","spans":[],"children":[],"rendered":null},{"message":"required for `&PyList` to implement `FromPyObject<'_>`","code":null,"level":"note","spans":[],"children":[],"rendered":null},{"message":"required for `&PyList` to implement `FromPyObjectBound<'_, '_>`","code":null,"level":"note","spans":[],"children":[],"rendered":null},{"message":"required for `&PyList` to implement `PyFunctionArgument<'_, '_>`","code":null,"level":"note","spans":[],"children":[],"rendered":null},{"message":"required by a bound in `extract_argument`","code":null,"level":"note","spans":[{"file_name":"C:\\Users\\vp199\\.cargo\\registry\\src\\index.crates.io-1949cf8c6b5b557f\\pyo3-0.22.6\\src\\impl_\\extract_argument.rs","byte_start":3305,"byte_end":3321,"line_start":113,"line_end":113,"column_start":8,"column_end":24,"is_primary":false,"text":[{"text":"pub fn extract_argument<'a, 'py, T>(","highlight_start":8,"highlight_end":24}],"label":"required by a bound in this function","suggested_replacement":null,"suggestion_applicability":null,"expansion":null},{"file_name":"C:\\Users\\vp199\\.cargo\\registry\\src\\index.crates.io-1949cf8c6b5b557f\\pyo3-0.22.6\\src\\impl_\\extract_argument.rs","byte_start":3448,"byte_end":3475,"line_start":119,"line_end":119,"column_start":8,"column_end":35,"is_primary":true,"text":[{"text":"    T: PyFunctionArgument<'a, 'py>,","highlight_start":8,"highlight_end":35}],"label":"required by this bound in `extract_argument`","suggested_replacement":null,"suggestion_applicability":null,"expansion":null}],"children":[],"rendered":null}],"rendered":"\u001b[0m\u001b[1m\u001b[38;5;9merror[E0277]\u001b[0m\u001b[0m\u001b[1m\u001b[38;5;15m: the trait bound `&PyList: PyFunctionArgument<'_, '_>` is not satisfied\u001b[0m\n\u001b[0m   \u001b[0m\u001b[0m\u001b[1m\u001b[38;5;14m--> \u001b[0m\u001b[0msrc\\lib.rs:147:51\u001b[0m\n\u001b[0m    \u001b[0m\u001b[0m\u001b[1m\u001b[38;5;14m|\u001b[0m\n\u001b[0m\u001b[1m\u001b[38;5;14m147\u001b[0m\u001b[0m \u001b[0m\u001b[0m\u001b[1m\u001b[38;5;14m|\u001b[0m\u001b[0m \u001b[0m\u001b[0m\u001b[1m\u001b[38;5;14m...\u001b[0m\u001b[0m, series: &PyList, periods: Vec<usize>) -> PyResult<Py<PyList>> {\u001b[0m\n\u001b[0m    \u001b[0m\u001b[0m\u001b[1m\u001b[38;5;14m|\u001b[0m\u001b[0m              \u001b[0m\u001b[0m\u001b[1m\u001b[38;5;9m^\u001b[0m\u001b[0m \u001b[0m\u001b[0m\u001b[1m\u001b[38;5;9mthe trait `PyClass` is not implemented for `&PyList`\u001b[0m\n\u001b[0m    \u001b[0m\u001b[0m\u001b[1m\u001b[38;5;14m|\u001b[0m\n\u001b[0m    \u001b[0m\u001b[0m\u001b[1m\u001b[38;5;14m= \u001b[0m\u001b[0m\u001b[1m\u001b[38;5;15mhelp\u001b[0m\u001b[0m: the following other types implement trait `PyFunctionArgument<'a, 'py>`:\u001b[0m\n\u001b[0m              &'a pyo3::Bound<'py, T>\u001b[0m\n\u001b[0m              Option<&'a pyo3::Bound<'py, T>>\u001b[0m\n\u001b[0m    \u001b[0m\u001b[0m\u001b[1m\u001b[38;5;14m= \u001b[0m\u001b[0m\u001b[1m\u001b[38;5;15mnote\u001b[0m\u001b[0m: required for `&PyList` to implement `FromPyObject<'_>`\u001b[0m\n\u001b[0m    \u001b[0m\u001b[0m\u001b[1m\u001b[38;5;14m= \u001b[0m\u001b[0m\u001b[1m\u001b[38;5;15mnote\u001b[0m\u001b[0m: required for `&PyList` to implement `FromPyObjectBound<'_, '_>`\u001b[0m\n\u001b[0m    \u001b[0m\u001b[0m\u001b[1m\u001b[38;5;14m= \u001b[0m\u001b[0m\u001b[1m\u001b[38;5;15mnote\u001b[0m\u001b[0m: required for `&PyList` to implement `PyFunctionArgument<'_, '_>`\u001b[0m\n\u001b[0m\u001b[1m\u001b[38;5;10mnote\u001b[0m\u001b[0m: required by a bound in `extract_argument`\u001b[0m\n\u001b[0m   \u001b[0m\u001b[0m\u001b[1m\u001b[38;5;14m--> \u001b[0m\u001b[0mC:\\Users\\vp199\\.cargo\\registry\\src\\index.crates.io-1949cf8c6b5b557f\\pyo3-0.22.6\\src\\impl_\\extract_argument.rs:119:8\u001b[0m\n\u001b[0m    \u001b[0m\u001b[0m\u001b[1m\u001b[38;5;14m|\u001b[0m\n\u001b[0m\u001b[1m\u001b[38;5;14m113\u001b[0m\u001b[0m \u001b[0m\u001b[0m\u001b[1m\u001b[38;5;14m|\u001b[0m\u001b[0m \u001b[0m\u001b[0mpub fn extract_argument<'a, 'py, T>(\u001b[0m\n\u001b[0m    \u001b[0m\u001b[0m\u001b[1m\u001b[38;5;14m|\u001b[0m\u001b[0m        \u001b[0m\u001b[0m\u001b[1m\u001b[38;5;14m----------------\u001b[0m\u001b[0m \u001b[0m\u001b[0m\u001b[1m\u001b[38;5;14mrequired by a bound in this function\u001b[0m\n\u001b[0m\u001b[1m\u001b[38;5;14m...\u001b[0m\n\u001b[0m\u001b[1m\u001b[38;5;14m119\u001b[0m\u001b[0m \u001b[0m\u001b[0m\u001b[1m\u001b[38;5;14m|\u001b[0m\u001b[0m \u001b[0m\u001b[0m    T: PyFunctionArgument<'a, 'py>,\u001b[0m\n\u001b[0m    \u001b[0m\u001b[0m\u001b[1m\u001b[38;5;14m|\u001b[0m\u001b[0m        \u001b[0m\u001b[0m\u001b[1m\u001b[38;5;10m^^^^^^^^^^^^^^^^^^^^^^^^^^^\u001b[0m\u001b[0m \u001b[0m\u001b[0m\u001b[1m\u001b[38;5;10mrequired by this bound in `extract_argument`\u001b[0m\n\n"}
{"$message_type":"diagnostic","message":"no method named `add_function` found for reference `&pyo3::types::PyModule` in the current scope","code":{"code":"E0599","explanation":"This error occurs when a method is used on a type which doesn't implement it:\n\nErroneous code example:\n\n```compile_fail,E0599\nstruct Mouth;\n\nlet x = Mouth;\nx.chocolate(); // error: no method named `chocolate` found for type `Mouth`\n               //        in the current scope\n```\n\nIn this case, you need to implement the `chocolate` method to fix the error:\n\n```\nstruct Mouth;\n\nimpl Mouth {\n    fn chocolate(&self) { // We implement the `chocolate` method here.\n        println!(\"Hmmm! I love chocolate!\");\n    }\n}\n\nlet x = Mouth;\nx.chocolate(); // ok!\n```\n"},"level":"error","spans":[{"file_name":"src\\lib.rs","byte_start":6143,"byte_end":6155,"line_start":212,"line_end":212,"column_start":7,"column_end":19,"is_primary":true,"text":[{"text":"    m.add_function(wrap_pyfunction!(create_lag_features, m)?)?;","highlight_start":7,"highlight_end":19}],"label":"method not found in `&PyModule`","suggested_replacement":null,"suggestion_applicability":null,"expansion":null}],"children":[],"rendered":"\u001b[0m\u001b[1m\u001b[38;5;9merror[E0599]\u001b[0m\u001b[0m\u001b[1m\u001b[38;5;15m: no method named `add_function` found for reference `&pyo3::types::PyModule` in the current scope\u001b[0m\n\u001b[0m   \u001b[0m\u001b[0m\u001b[1m\u001b[38;5;14m--> \u001b[0m\u001b[0msrc\\lib.rs:212:7\u001b[0m\n\u001b[0m    \u001b[0m\u001b[0m\u001b[1m\u001b[38;5;14m|\u001b[0m\n\u001b[0m\u001b[1m\u001b[38;5;14m212\u001b[0m\u001b[0m \u001b[0m\u001b[0m\u001b[1m\u001b[38;5;14m|\u001b[0m\u001b[0m \u001b[0m\u001b[0m    m.add_function(wrap_pyfunction!(create_lag_features, m)?)?;\u001b[0m\n\u001b[0m    \u001b[0m\u001b[0m\u001b[1m\u001b[38;5;14m|\u001b[0m\u001b[0m       \u001b[0m\u001b[0m\u001b[1m\u001b[38;5;9m^^^^^^^^^^^^\u001b[0m\u001b[0m \u001b[0m\u001b[0m\u001b[1m\u001b[38;5;9mmethod not found in `&PyModule`\u001b[0m\n\n"}
{"$message_type":"diagnostic","message":"the trait bound `&pyo3::types::PyModule: WrapPyFunctionArg<'_, _>` is not satisfied","code":{"code":"E0277","explanation":"You tried to use a type which doesn't implement some trait in a place which\nexpected that trait.\n\nErroneous code example:\n\n```compile_fail,E0277\n// here we declare the Foo trait with a bar method\ntrait Foo {\n    fn bar(&self);\n}\n\n// we now declare a function which takes an object implementing the Foo trait\nfn some_func<T: Foo>(foo: T) {\n    foo.bar();\n}\n\nfn main() {\n    // we now call the method with the i32 type, which doesn't implement\n    // the Foo trait\n    some_func(5i32); // error: the trait bound `i32 : Foo` is not satisfied\n}\n```\n\nIn order to fix this error, verify that the type you're using does implement\nthe trait. Example:\n\n```\ntrait Foo {\n    fn bar(&self);\n}\n\n// we implement the trait on the i32 type\nimpl Foo for i32 {\n    fn bar(&self) {}\n}\n\nfn some_func<T: Foo>(foo: T) {\n    foo.bar(); // we can now use this method since i32 implements the\n               // Foo trait\n}\n\nfn main() {\n    some_func(5i32); // ok!\n}\n```\n\nOr in a generic context, an erroneous code example would look like:\n\n```compile_fail,E0277\nfn some_func<T>(foo: T) {\n    println!(\"{:?}\", foo); // error: the trait `core::fmt::Debug` is not\n                           //        implemented for the type `T`\n}\n\nfn main() {\n    // We now call the method with the i32 type,\n    // which *does* implement the Debug trait.\n    some_func(5i32);\n}\n```\n\nNote that the error here is in the definition of the generic function. Although\nwe only call it with a parameter that does implement `Debug`, the compiler\nstill rejects the function. It must work with all possible input types. In\norder to make this example compile, we need to restrict the generic type we're\naccepting:\n\n```\nuse std::fmt;\n\n// Restrict the input type to types that implement Debug.\nfn some_func<T: fmt::Debug>(foo: T) {\n    println!(\"{:?}\", foo);\n}\n\nfn main() {\n    // Calling the method is still fine, as i32 implements Debug.\n    some_func(5i32);\n\n    // This would fail to compile now:\n    // struct WithoutDebug;\n    // some_func(WithoutDebug);\n}\n```\n\nRust only looks at the signature of the called function, as such it must\nalready specify all requirements that will be used for every type parameter.\n"},"level":"error","spans":[{"file_name":"C:\\Users\\vp199\\.cargo\\registry\\src\\index.crates.io-1949cf8c6b5b557f\\pyo3-0.22.6\\src\\macros.rs","byte_start":5200,"byte_end":5212,"line_start":153,"line_end":153,"column_start":13,"column_end":25,"is_primary":true,"text":[{"text":"            py_or_module,","highlight_start":13,"highlight_end":25}],"label":"the trait `WrapPyFunctionArg<'_, _>` is not implemented for `&pyo3::types::PyModule`","suggested_replacement":null,"suggestion_applicability":null,"expansion":{"span":{"file_name":"src\\lib.rs","byte_start":6156,"byte_end":6196,"line_start":212,"line_end":212,"column_start":20,"column_end":60,"is_primary":false,"text":[{"text":"    m.add_function(wrap_pyfunction!(create_lag_features, m)?)?;","highlight_start":20,"highlight_end":60}],"label":null,"suggested_replacement":null,"suggestion_applicability":null,"expansion":null},"macro_decl_name":"wrap_pyfunction!","def_site_span":{"file_name":"C:\\Users\\vp199\\.cargo\\registry\\src\\index.crates.io-1949cf8c6b5b557f\\pyo3-0.22.6\\src\\macros.rs","byte_start":4485,"byte_end":4513,"line_start":136,"line_end":136,"column_start":1,"column_end":29,"is_primary":false,"text":[{"text":"macro_rules! wrap_pyfunction {","highlight_start":1,"highlight_end":29}],"label":null,"suggested_replacement":null,"suggestion_applicability":null,"expansion":null}}},{"file_name":"C:\\Users\\vp199\\.cargo\\registry\\src\\index.crates.io-1949cf8c6b5b557f\\pyo3-0.22.6\\src\\macros.rs","byte_start":5125,"byte_end":5186,"line_start":152,"line_end":152,"column_start":9,"column_end":70,"is_primary":false,"text":[{"text":"        $crate::impl_::pyfunction::WrapPyFunctionArg::wrap_pyfunction(","highlight_start":9,"highlight_end":70}],"label":"required by a bound introduced by this call","suggested_replacement":null,"suggestion_applicability":null,"expansion":{"span":{"file_name":"src\\lib.rs","byte_start":6156,"byte_end":6196,"line_start":212,"line_end":212,"column_start":20,"column_end":60,"is_primary":false,"text":[{"text":"    m.add_function(wrap_pyfunction!(create_lag_features, m)?)?;","highlight_start":20,"highlight_end":60}],"label":null,"suggested_replacement":null,"suggestion_applicability":null,"expansion":null},"macro_decl_name":"wrap_pyfunction!","def_site_span":{"file_name":"C:\\Users\\vp199\\.cargo\\registry\\src\\index.crates.io-1949cf8c6b5b557f\\pyo3-0.22.6\\src\\macros.rs","byte_start":4485,"byte_end":4513,"line_start":136,"line_end":136,"column_start":1,"column_end":29,"is_primary":false,"text":[{"text":"macro_rules! wrap_pyfunction {","highlight_start":1,"highlight_end":29}],"label":null,"suggested_replacement":null,"suggestion_applicability":null,"expansion":null}}}],"children":[{"message":"the following other types implement trait `WrapPyFunctionArg<'py, T>`:\n  &pyo3::Borrowed<'_, 'py, pyo3::types::PyModule>\n  &pyo3::Bound<'py, pyo3::types::PyModule>\n  OnlyBound<T>\n  pyo3::Borrowed<'_, 'py, pyo3::types::PyModule>\n  pyo3::Bound<'py, pyo3::types::PyModule>\n  pyo3::Python<'py>","code":null,"level":"help","spans":[],"children":[],"rendered":null}],"rendered":"\u001b[0m\u001b[1m\u001b[38;5;9merror[E0277]\u001b[0m\u001b[0m\u001b[1m\u001b[38;5;15m: the trait bound `&pyo3::types::PyModule: WrapPyFunctionArg<'_, _>` is not satisfied\u001b[0m\n\u001b[0m   \u001b[0m\u001b[0m\u001b[1m\u001b[38;5;14m--> \u001b[0m\u001b[0msrc\\lib.rs:212:20\u001b[0m\n\u001b[0m    \u001b[0m\u001b[0m\u001b[1m\u001b[38;5;14m|\u001b[0m\n\u001b[0m\u001b[1m\u001b[38;5;14m212\u001b[0m\u001b[0m \u001b[0m\u001b[0m\u001b[1m\u001b[38;5;14m|\u001b[0m\u001b[0m \u001b[0m\u001b[0m    m.add_function(wrap_pyfunction!(create_lag_features, m)?)?;\u001b[0m\n\u001b[0m    \u001b[0m\u001b[0m\u001b[1m\u001b[38;5;14m|\u001b[0m\u001b[0m                    \u001b[0m\u001b[0m\u001b[1m\u001b[38;5;9m^^^^^^^^^^^^^^^^^^^^^^^^^^^^^^^^^^^^^^^^\u001b[0m\n\u001b[0m    \u001b[0m\u001b[0m\u001b[1m\u001b[38;5;14m|\u001b[0m\u001b[0m                    \u001b[0m\u001b[0m\u001b[1m\u001b[38;5;9m|\u001b[0m\n\u001b[0m    \u001b[0m\u001b[0m\u001b[1m\u001b[38;5;14m|\u001b[0m\u001b[0m                    \u001b[0m\u001b[0m\u001b[1m\u001b[38;5;9mthe trait `WrapPyFunctionArg<'_, _>` is not implemented for `&pyo3::types::PyModule`\u001b[0m\n\u001b[0m    \u001b[0m\u001b[0m\u001b[1m\u001b[38;5;14m|\u001b[0m\u001b[0m                    \u001b[0m\u001b[0m\u001b[1m\u001b[38;5;9mrequired by a bound introduced by this call\u001b[0m\n\u001b[0m    \u001b[0m\u001b[0m\u001b[1m\u001b[38;5;14m|\u001b[0m\n\u001b[0m    \u001b[0m\u001b[0m\u001b[1m\u001b[38;5;14m= \u001b[0m\u001b[0m\u001b[1m\u001b[38;5;15mhelp\u001b[0m\u001b[0m: the following other types implement trait `WrapPyFunctionArg<'py, T>`:\u001b[0m\n\u001b[0m              &pyo3::Borrowed<'_, 'py, pyo3::types::PyModule>\u001b[0m\n\u001b[0m              &pyo3::Bound<'py, pyo3::types::PyModule>\u001b[0m\n\u001b[0m              OnlyBound<T>\u001b[0m\n\u001b[0m              pyo3::Borrowed<'_, 'py, pyo3::types::PyModule>\u001b[0m\n\u001b[0m              pyo3::Bound<'py, pyo3::types::PyModule>\u001b[0m\n\u001b[0m              pyo3::Python<'py>\u001b[0m\n\u001b[0m    \u001b[0m\u001b[0m\u001b[1m\u001b[38;5;14m= \u001b[0m\u001b[0m\u001b[1m\u001b[38;5;15mnote\u001b[0m\u001b[0m: this error originates in the macro `wrap_pyfunction` (in Nightly builds, run with -Z macro-backtrace for more info)\u001b[0m\n\n"}
{"$message_type":"diagnostic","message":"no method named `add_function` found for reference `&pyo3::types::PyModule` in the current scope","code":{"code":"E0599","explanation":"This error occurs when a method is used on a type which doesn't implement it:\n\nErroneous code example:\n\n```compile_fail,E0599\nstruct Mouth;\n\nlet x = Mouth;\nx.chocolate(); // error: no method named `chocolate` found for type `Mouth`\n               //        in the current scope\n```\n\nIn this case, you need to implement the `chocolate` method to fix the error:\n\n```\nstruct Mouth;\n\nimpl Mouth {\n    fn chocolate(&self) { // We implement the `chocolate` method here.\n        println!(\"Hmmm! I love chocolate!\");\n    }\n}\n\nlet x = Mouth;\nx.chocolate(); // ok!\n```\n"},"level":"error","spans":[{"file_name":"src\\lib.rs","byte_start":6207,"byte_end":6219,"line_start":213,"line_end":213,"column_start":7,"column_end":19,"is_primary":true,"text":[{"text":"    m.add_function(wrap_pyfunction!(create_diff_features, m)?)?;","highlight_start":7,"highlight_end":19}],"label":"method not found in `&PyModule`","suggested_replacement":null,"suggestion_applicability":null,"expansion":null}],"children":[],"rendered":"\u001b[0m\u001b[1m\u001b[38;5;9merror[E0599]\u001b[0m\u001b[0m\u001b[1m\u001b[38;5;15m: no method named `add_function` found for reference `&pyo3::types::PyModule` in the current scope\u001b[0m\n\u001b[0m   \u001b[0m\u001b[0m\u001b[1m\u001b[38;5;14m--> \u001b[0m\u001b[0msrc\\lib.rs:213:7\u001b[0m\n\u001b[0m    \u001b[0m\u001b[0m\u001b[1m\u001b[38;5;14m|\u001b[0m\n\u001b[0m\u001b[1m\u001b[38;5;14m213\u001b[0m\u001b[0m \u001b[0m\u001b[0m\u001b[1m\u001b[38;5;14m|\u001b[0m\u001b[0m \u001b[0m\u001b[0m    m.add_function(wrap_pyfunction!(create_diff_features, m)?)?;\u001b[0m\n\u001b[0m    \u001b[0m\u001b[0m\u001b[1m\u001b[38;5;14m|\u001b[0m\u001b[0m       \u001b[0m\u001b[0m\u001b[1m\u001b[38;5;9m^^^^^^^^^^^^\u001b[0m\u001b[0m \u001b[0m\u001b[0m\u001b[1m\u001b[38;5;9mmethod not found in `&PyModule`\u001b[0m\n\n"}
{"$message_type":"diagnostic","message":"the trait bound `&pyo3::types::PyModule: WrapPyFunctionArg<'_, _>` is not satisfied","code":{"code":"E0277","explanation":"You tried to use a type which doesn't implement some trait in a place which\nexpected that trait.\n\nErroneous code example:\n\n```compile_fail,E0277\n// here we declare the Foo trait with a bar method\ntrait Foo {\n    fn bar(&self);\n}\n\n// we now declare a function which takes an object implementing the Foo trait\nfn some_func<T: Foo>(foo: T) {\n    foo.bar();\n}\n\nfn main() {\n    // we now call the method with the i32 type, which doesn't implement\n    // the Foo trait\n    some_func(5i32); // error: the trait bound `i32 : Foo` is not satisfied\n}\n```\n\nIn order to fix this error, verify that the type you're using does implement\nthe trait. Example:\n\n```\ntrait Foo {\n    fn bar(&self);\n}\n\n// we implement the trait on the i32 type\nimpl Foo for i32 {\n    fn bar(&self) {}\n}\n\nfn some_func<T: Foo>(foo: T) {\n    foo.bar(); // we can now use this method since i32 implements the\n               // Foo trait\n}\n\nfn main() {\n    some_func(5i32); // ok!\n}\n```\n\nOr in a generic context, an erroneous code example would look like:\n\n```compile_fail,E0277\nfn some_func<T>(foo: T) {\n    println!(\"{:?}\", foo); // error: the trait `core::fmt::Debug` is not\n                           //        implemented for the type `T`\n}\n\nfn main() {\n    // We now call the method with the i32 type,\n    // which *does* implement the Debug trait.\n    some_func(5i32);\n}\n```\n\nNote that the error here is in the definition of the generic function. Although\nwe only call it with a parameter that does implement `Debug`, the compiler\nstill rejects the function. It must work with all possible input types. In\norder to make this example compile, we need to restrict the generic type we're\naccepting:\n\n```\nuse std::fmt;\n\n// Restrict the input type to types that implement Debug.\nfn some_func<T: fmt::Debug>(foo: T) {\n    println!(\"{:?}\", foo);\n}\n\nfn main() {\n    // Calling the method is still fine, as i32 implements Debug.\n    some_func(5i32);\n\n    // This would fail to compile now:\n    // struct WithoutDebug;\n    // some_func(WithoutDebug);\n}\n```\n\nRust only looks at the signature of the called function, as such it must\nalready specify all requirements that will be used for every type parameter.\n"},"level":"error","spans":[{"file_name":"C:\\Users\\vp199\\.cargo\\registry\\src\\index.crates.io-1949cf8c6b5b557f\\pyo3-0.22.6\\src\\macros.rs","byte_start":5200,"byte_end":5212,"line_start":153,"line_end":153,"column_start":13,"column_end":25,"is_primary":true,"text":[{"text":"            py_or_module,","highlight_start":13,"highlight_end":25}],"label":"the trait `WrapPyFunctionArg<'_, _>` is not implemented for `&pyo3::types::PyModule`","suggested_replacement":null,"suggestion_applicability":null,"expansion":{"span":{"file_name":"src\\lib.rs","byte_start":6220,"byte_end":6261,"line_start":213,"line_end":213,"column_start":20,"column_end":61,"is_primary":false,"text":[{"text":"    m.add_function(wrap_pyfunction!(create_diff_features, m)?)?;","highlight_start":20,"highlight_end":61}],"label":null,"suggested_replacement":null,"suggestion_applicability":null,"expansion":null},"macro_decl_name":"wrap_pyfunction!","def_site_span":{"file_name":"C:\\Users\\vp199\\.cargo\\registry\\src\\index.crates.io-1949cf8c6b5b557f\\pyo3-0.22.6\\src\\macros.rs","byte_start":4485,"byte_end":4513,"line_start":136,"line_end":136,"column_start":1,"column_end":29,"is_primary":false,"text":[{"text":"macro_rules! wrap_pyfunction {","highlight_start":1,"highlight_end":29}],"label":null,"suggested_replacement":null,"suggestion_applicability":null,"expansion":null}}},{"file_name":"C:\\Users\\vp199\\.cargo\\registry\\src\\index.crates.io-1949cf8c6b5b557f\\pyo3-0.22.6\\src\\macros.rs","byte_start":5125,"byte_end":5186,"line_start":152,"line_end":152,"column_start":9,"column_end":70,"is_primary":false,"text":[{"text":"        $crate::impl_::pyfunction::WrapPyFunctionArg::wrap_pyfunction(","highlight_start":9,"highlight_end":70}],"label":"required by a bound introduced by this call","suggested_replacement":null,"suggestion_applicability":null,"expansion":{"span":{"file_name":"src\\lib.rs","byte_start":6220,"byte_end":6261,"line_start":213,"line_end":213,"column_start":20,"column_end":61,"is_primary":false,"text":[{"text":"    m.add_function(wrap_pyfunction!(create_diff_features, m)?)?;","highlight_start":20,"highlight_end":61}],"label":null,"suggested_replacement":null,"suggestion_applicability":null,"expansion":null},"macro_decl_name":"wrap_pyfunction!","def_site_span":{"file_name":"C:\\Users\\vp199\\.cargo\\registry\\src\\index.crates.io-1949cf8c6b5b557f\\pyo3-0.22.6\\src\\macros.rs","byte_start":4485,"byte_end":4513,"line_start":136,"line_end":136,"column_start":1,"column_end":29,"is_primary":false,"text":[{"text":"macro_rules! wrap_pyfunction {","highlight_start":1,"highlight_end":29}],"label":null,"suggested_replacement":null,"suggestion_applicability":null,"expansion":null}}}],"children":[{"message":"the following other types implement trait `WrapPyFunctionArg<'py, T>`:\n  &pyo3::Borrowed<'_, 'py, pyo3::types::PyModule>\n  &pyo3::Bound<'py, pyo3::types::PyModule>\n  OnlyBound<T>\n  pyo3::Borrowed<'_, 'py, pyo3::types::PyModule>\n  pyo3::Bound<'py, pyo3::types::PyModule>\n  pyo3::Python<'py>","code":null,"level":"help","spans":[],"children":[],"rendered":null}],"rendered":"\u001b[0m\u001b[1m\u001b[38;5;9merror[E0277]\u001b[0m\u001b[0m\u001b[1m\u001b[38;5;15m: the trait bound `&pyo3::types::PyModule: WrapPyFunctionArg<'_, _>` is not satisfied\u001b[0m\n\u001b[0m   \u001b[0m\u001b[0m\u001b[1m\u001b[38;5;14m--> \u001b[0m\u001b[0msrc\\lib.rs:213:20\u001b[0m\n\u001b[0m    \u001b[0m\u001b[0m\u001b[1m\u001b[38;5;14m|\u001b[0m\n\u001b[0m\u001b[1m\u001b[38;5;14m213\u001b[0m\u001b[0m \u001b[0m\u001b[0m\u001b[1m\u001b[38;5;14m|\u001b[0m\u001b[0m \u001b[0m\u001b[0m    m.add_function(wrap_pyfunction!(create_diff_features, m)?)?;\u001b[0m\n\u001b[0m    \u001b[0m\u001b[0m\u001b[1m\u001b[38;5;14m|\u001b[0m\u001b[0m                    \u001b[0m\u001b[0m\u001b[1m\u001b[38;5;9m^^^^^^^^^^^^^^^^^^^^^^^^^^^^^^^^^^^^^^^^^\u001b[0m\n\u001b[0m    \u001b[0m\u001b[0m\u001b[1m\u001b[38;5;14m|\u001b[0m\u001b[0m                    \u001b[0m\u001b[0m\u001b[1m\u001b[38;5;9m|\u001b[0m\n\u001b[0m    \u001b[0m\u001b[0m\u001b[1m\u001b[38;5;14m|\u001b[0m\u001b[0m                    \u001b[0m\u001b[0m\u001b[1m\u001b[38;5;9mthe trait `WrapPyFunctionArg<'_, _>` is not implemented for `&pyo3::types::PyModule`\u001b[0m\n\u001b[0m    \u001b[0m\u001b[0m\u001b[1m\u001b[38;5;14m|\u001b[0m\u001b[0m                    \u001b[0m\u001b[0m\u001b[1m\u001b[38;5;9mrequired by a bound introduced by this call\u001b[0m\n\u001b[0m    \u001b[0m\u001b[0m\u001b[1m\u001b[38;5;14m|\u001b[0m\n\u001b[0m    \u001b[0m\u001b[0m\u001b[1m\u001b[38;5;14m= \u001b[0m\u001b[0m\u001b[1m\u001b[38;5;15mhelp\u001b[0m\u001b[0m: the following other types implement trait `WrapPyFunctionArg<'py, T>`:\u001b[0m\n\u001b[0m              &pyo3::Borrowed<'_, 'py, pyo3::types::PyModule>\u001b[0m\n\u001b[0m              &pyo3::Bound<'py, pyo3::types::PyModule>\u001b[0m\n\u001b[0m              OnlyBound<T>\u001b[0m\n\u001b[0m              pyo3::Borrowed<'_, 'py, pyo3::types::PyModule>\u001b[0m\n\u001b[0m              pyo3::Bound<'py, pyo3::types::PyModule>\u001b[0m\n\u001b[0m              pyo3::Python<'py>\u001b[0m\n\u001b[0m    \u001b[0m\u001b[0m\u001b[1m\u001b[38;5;14m= \u001b[0m\u001b[0m\u001b[1m\u001b[38;5;15mnote\u001b[0m\u001b[0m: this error originates in the macro `wrap_pyfunction` (in Nightly builds, run with -Z macro-backtrace for more info)\u001b[0m\n\n"}
{"$message_type":"diagnostic","message":"no method named `add_function` found for reference `&pyo3::types::PyModule` in the current scope","code":{"code":"E0599","explanation":"This error occurs when a method is used on a type which doesn't implement it:\n\nErroneous code example:\n\n```compile_fail,E0599\nstruct Mouth;\n\nlet x = Mouth;\nx.chocolate(); // error: no method named `chocolate` found for type `Mouth`\n               //        in the current scope\n```\n\nIn this case, you need to implement the `chocolate` method to fix the error:\n\n```\nstruct Mouth;\n\nimpl Mouth {\n    fn chocolate(&self) { // We implement the `chocolate` method here.\n        println!(\"Hmmm! I love chocolate!\");\n    }\n}\n\nlet x = Mouth;\nx.chocolate(); // ok!\n```\n"},"level":"error","spans":[{"file_name":"src\\lib.rs","byte_start":6272,"byte_end":6284,"line_start":214,"line_end":214,"column_start":7,"column_end":19,"is_primary":true,"text":[{"text":"    m.add_function(wrap_pyfunction!(create_pct_change_features, m)?)?;","highlight_start":7,"highlight_end":19}],"label":"method not found in `&PyModule`","suggested_replacement":null,"suggestion_applicability":null,"expansion":null}],"children":[],"rendered":"\u001b[0m\u001b[1m\u001b[38;5;9merror[E0599]\u001b[0m\u001b[0m\u001b[1m\u001b[38;5;15m: no method named `add_function` found for reference `&pyo3::types::PyModule` in the current scope\u001b[0m\n\u001b[0m   \u001b[0m\u001b[0m\u001b[1m\u001b[38;5;14m--> \u001b[0m\u001b[0msrc\\lib.rs:214:7\u001b[0m\n\u001b[0m    \u001b[0m\u001b[0m\u001b[1m\u001b[38;5;14m|\u001b[0m\n\u001b[0m\u001b[1m\u001b[38;5;14m214\u001b[0m\u001b[0m \u001b[0m\u001b[0m\u001b[1m\u001b[38;5;14m|\u001b[0m\u001b[0m \u001b[0m\u001b[0m    m.add_function(wrap_pyfunction!(create_pct_change_features, m)?)?;\u001b[0m\n\u001b[0m    \u001b[0m\u001b[0m\u001b[1m\u001b[38;5;14m|\u001b[0m\u001b[0m       \u001b[0m\u001b[0m\u001b[1m\u001b[38;5;9m^^^^^^^^^^^^\u001b[0m\u001b[0m \u001b[0m\u001b[0m\u001b[1m\u001b[38;5;9mmethod not found in `&PyModule`\u001b[0m\n\n"}
{"$message_type":"diagnostic","message":"the trait bound `&pyo3::types::PyModule: WrapPyFunctionArg<'_, _>` is not satisfied","code":{"code":"E0277","explanation":"You tried to use a type which doesn't implement some trait in a place which\nexpected that trait.\n\nErroneous code example:\n\n```compile_fail,E0277\n// here we declare the Foo trait with a bar method\ntrait Foo {\n    fn bar(&self);\n}\n\n// we now declare a function which takes an object implementing the Foo trait\nfn some_func<T: Foo>(foo: T) {\n    foo.bar();\n}\n\nfn main() {\n    // we now call the method with the i32 type, which doesn't implement\n    // the Foo trait\n    some_func(5i32); // error: the trait bound `i32 : Foo` is not satisfied\n}\n```\n\nIn order to fix this error, verify that the type you're using does implement\nthe trait. Example:\n\n```\ntrait Foo {\n    fn bar(&self);\n}\n\n// we implement the trait on the i32 type\nimpl Foo for i32 {\n    fn bar(&self) {}\n}\n\nfn some_func<T: Foo>(foo: T) {\n    foo.bar(); // we can now use this method since i32 implements the\n               // Foo trait\n}\n\nfn main() {\n    some_func(5i32); // ok!\n}\n```\n\nOr in a generic context, an erroneous code example would look like:\n\n```compile_fail,E0277\nfn some_func<T>(foo: T) {\n    println!(\"{:?}\", foo); // error: the trait `core::fmt::Debug` is not\n                           //        implemented for the type `T`\n}\n\nfn main() {\n    // We now call the method with the i32 type,\n    // which *does* implement the Debug trait.\n    some_func(5i32);\n}\n```\n\nNote that the error here is in the definition of the generic function. Although\nwe only call it with a parameter that does implement `Debug`, the compiler\nstill rejects the function. It must work with all possible input types. In\norder to make this example compile, we need to restrict the generic type we're\naccepting:\n\n```\nuse std::fmt;\n\n// Restrict the input type to types that implement Debug.\nfn some_func<T: fmt::Debug>(foo: T) {\n    println!(\"{:?}\", foo);\n}\n\nfn main() {\n    // Calling the method is still fine, as i32 implements Debug.\n    some_func(5i32);\n\n    // This would fail to compile now:\n    // struct WithoutDebug;\n    // some_func(WithoutDebug);\n}\n```\n\nRust only looks at the signature of the called function, as such it must\nalready specify all requirements that will be used for every type parameter.\n"},"level":"error","spans":[{"file_name":"C:\\Users\\vp199\\.cargo\\registry\\src\\index.crates.io-1949cf8c6b5b557f\\pyo3-0.22.6\\src\\macros.rs","byte_start":5200,"byte_end":5212,"line_start":153,"line_end":153,"column_start":13,"column_end":25,"is_primary":true,"text":[{"text":"            py_or_module,","highlight_start":13,"highlight_end":25}],"label":"the trait `WrapPyFunctionArg<'_, _>` is not implemented for `&pyo3::types::PyModule`","suggested_replacement":null,"suggestion_applicability":null,"expansion":{"span":{"file_name":"src\\lib.rs","byte_start":6285,"byte_end":6332,"line_start":214,"line_end":214,"column_start":20,"column_end":67,"is_primary":false,"text":[{"text":"    m.add_function(wrap_pyfunction!(create_pct_change_features, m)?)?;","highlight_start":20,"highlight_end":67}],"label":null,"suggested_replacement":null,"suggestion_applicability":null,"expansion":null},"macro_decl_name":"wrap_pyfunction!","def_site_span":{"file_name":"C:\\Users\\vp199\\.cargo\\registry\\src\\index.crates.io-1949cf8c6b5b557f\\pyo3-0.22.6\\src\\macros.rs","byte_start":4485,"byte_end":4513,"line_start":136,"line_end":136,"column_start":1,"column_end":29,"is_primary":false,"text":[{"text":"macro_rules! wrap_pyfunction {","highlight_start":1,"highlight_end":29}],"label":null,"suggested_replacement":null,"suggestion_applicability":null,"expansion":null}}},{"file_name":"C:\\Users\\vp199\\.cargo\\registry\\src\\index.crates.io-1949cf8c6b5b557f\\pyo3-0.22.6\\src\\macros.rs","byte_start":5125,"byte_end":5186,"line_start":152,"line_end":152,"column_start":9,"column_end":70,"is_primary":false,"text":[{"text":"        $crate::impl_::pyfunction::WrapPyFunctionArg::wrap_pyfunction(","highlight_start":9,"highlight_end":70}],"label":"required by a bound introduced by this call","suggested_replacement":null,"suggestion_applicability":null,"expansion":{"span":{"file_name":"src\\lib.rs","byte_start":6285,"byte_end":6332,"line_start":214,"line_end":214,"column_start":20,"column_end":67,"is_primary":false,"text":[{"text":"    m.add_function(wrap_pyfunction!(create_pct_change_features, m)?)?;","highlight_start":20,"highlight_end":67}],"label":null,"suggested_replacement":null,"suggestion_applicability":null,"expansion":null},"macro_decl_name":"wrap_pyfunction!","def_site_span":{"file_name":"C:\\Users\\vp199\\.cargo\\registry\\src\\index.crates.io-1949cf8c6b5b557f\\pyo3-0.22.6\\src\\macros.rs","byte_start":4485,"byte_end":4513,"line_start":136,"line_end":136,"column_start":1,"column_end":29,"is_primary":false,"text":[{"text":"macro_rules! wrap_pyfunction {","highlight_start":1,"highlight_end":29}],"label":null,"suggested_replacement":null,"suggestion_applicability":null,"expansion":null}}}],"children":[{"message":"the following other types implement trait `WrapPyFunctionArg<'py, T>`:\n  &pyo3::Borrowed<'_, 'py, pyo3::types::PyModule>\n  &pyo3::Bound<'py, pyo3::types::PyModule>\n  OnlyBound<T>\n  pyo3::Borrowed<'_, 'py, pyo3::types::PyModule>\n  pyo3::Bound<'py, pyo3::types::PyModule>\n  pyo3::Python<'py>","code":null,"level":"help","spans":[],"children":[],"rendered":null}],"rendered":"\u001b[0m\u001b[1m\u001b[38;5;9merror[E0277]\u001b[0m\u001b[0m\u001b[1m\u001b[38;5;15m: the trait bound `&pyo3::types::PyModule: WrapPyFunctionArg<'_, _>` is not satisfied\u001b[0m\n\u001b[0m   \u001b[0m\u001b[0m\u001b[1m\u001b[38;5;14m--> \u001b[0m\u001b[0msrc\\lib.rs:214:20\u001b[0m\n\u001b[0m    \u001b[0m\u001b[0m\u001b[1m\u001b[38;5;14m|\u001b[0m\n\u001b[0m\u001b[1m\u001b[38;5;14m214\u001b[0m\u001b[0m \u001b[0m\u001b[0m\u001b[1m\u001b[38;5;14m|\u001b[0m\u001b[0m \u001b[0m\u001b[0m    m.add_function(wrap_pyfunction!(create_pct_change_features, m)?)?;\u001b[0m\n\u001b[0m    \u001b[0m\u001b[0m\u001b[1m\u001b[38;5;14m|\u001b[0m\u001b[0m                    \u001b[0m\u001b[0m\u001b[1m\u001b[38;5;9m^^^^^^^^^^^^^^^^^^^^^^^^^^^^^^^^^^^^^^^^^^^^^^^\u001b[0m\n\u001b[0m    \u001b[0m\u001b[0m\u001b[1m\u001b[38;5;14m|\u001b[0m\u001b[0m                    \u001b[0m\u001b[0m\u001b[1m\u001b[38;5;9m|\u001b[0m\n\u001b[0m    \u001b[0m\u001b[0m\u001b[1m\u001b[38;5;14m|\u001b[0m\u001b[0m                    \u001b[0m\u001b[0m\u001b[1m\u001b[38;5;9mthe trait `WrapPyFunctionArg<'_, _>` is not implemented for `&pyo3::types::PyModule`\u001b[0m\n\u001b[0m    \u001b[0m\u001b[0m\u001b[1m\u001b[38;5;14m|\u001b[0m\u001b[0m                    \u001b[0m\u001b[0m\u001b[1m\u001b[38;5;9mrequired by a bound introduced by this call\u001b[0m\n\u001b[0m    \u001b[0m\u001b[0m\u001b[1m\u001b[38;5;14m|\u001b[0m\n\u001b[0m    \u001b[0m\u001b[0m\u001b[1m\u001b[38;5;14m= \u001b[0m\u001b[0m\u001b[1m\u001b[38;5;15mhelp\u001b[0m\u001b[0m: the following other types implement trait `WrapPyFunctionArg<'py, T>`:\u001b[0m\n\u001b[0m              &pyo3::Borrowed<'_, 'py, pyo3::types::PyModule>\u001b[0m\n\u001b[0m              &pyo3::Bound<'py, pyo3::types::PyModule>\u001b[0m\n\u001b[0m              OnlyBound<T>\u001b[0m\n\u001b[0m              pyo3::Borrowed<'_, 'py, pyo3::types::PyModule>\u001b[0m\n\u001b[0m              pyo3::Bound<'py, pyo3::types::PyModule>\u001b[0m\n\u001b[0m              pyo3::Python<'py>\u001b[0m\n\u001b[0m    \u001b[0m\u001b[0m\u001b[1m\u001b[38;5;14m= \u001b[0m\u001b[0m\u001b[1m\u001b[38;5;15mnote\u001b[0m\u001b[0m: this error originates in the macro `wrap_pyfunction` (in Nightly builds, run with -Z macro-backtrace for more info)\u001b[0m\n\n"}
{"$message_type":"diagnostic","message":"the trait bound `&PyModule: From<BoundRef<'_, '_, PyModule>>` is not satisfied","code":{"code":"E0277","explanation":"You tried to use a type which doesn't implement some trait in a place which\nexpected that trait.\n\nErroneous code example:\n\n```compile_fail,E0277\n// here we declare the Foo trait with a bar method\ntrait Foo {\n    fn bar(&self);\n}\n\n// we now declare a function which takes an object implementing the Foo trait\nfn some_func<T: Foo>(foo: T) {\n    foo.bar();\n}\n\nfn main() {\n    // we now call the method with the i32 type, which doesn't implement\n    // the Foo trait\n    some_func(5i32); // error: the trait bound `i32 : Foo` is not satisfied\n}\n```\n\nIn order to fix this error, verify that the type you're using does implement\nthe trait. Example:\n\n```\ntrait Foo {\n    fn bar(&self);\n}\n\n// we implement the trait on the i32 type\nimpl Foo for i32 {\n    fn bar(&self) {}\n}\n\nfn some_func<T: Foo>(foo: T) {\n    foo.bar(); // we can now use this method since i32 implements the\n               // Foo trait\n}\n\nfn main() {\n    some_func(5i32); // ok!\n}\n```\n\nOr in a generic context, an erroneous code example would look like:\n\n```compile_fail,E0277\nfn some_func<T>(foo: T) {\n    println!(\"{:?}\", foo); // error: the trait `core::fmt::Debug` is not\n                           //        implemented for the type `T`\n}\n\nfn main() {\n    // We now call the method with the i32 type,\n    // which *does* implement the Debug trait.\n    some_func(5i32);\n}\n```\n\nNote that the error here is in the definition of the generic function. Although\nwe only call it with a parameter that does implement `Debug`, the compiler\nstill rejects the function. It must work with all possible input types. In\norder to make this example compile, we need to restrict the generic type we're\naccepting:\n\n```\nuse std::fmt;\n\n// Restrict the input type to types that implement Debug.\nfn some_func<T: fmt::Debug>(foo: T) {\n    println!(\"{:?}\", foo);\n}\n\nfn main() {\n    // Calling the method is still fine, as i32 implements Debug.\n    some_func(5i32);\n\n    // This would fail to compile now:\n    // struct WithoutDebug;\n    // some_func(WithoutDebug);\n}\n```\n\nRust only looks at the signature of the called function, as such it must\nalready specify all requirements that will be used for every type parameter.\n"},"level":"error","spans":[{"file_name":"src\\lib.rs","byte_start":6060,"byte_end":6071,"line_start":210,"line_end":210,"column_start":1,"column_end":12,"is_primary":true,"text":[{"text":"#[pymodule]","highlight_start":1,"highlight_end":12}],"label":"unsatisfied trait bound","suggested_replacement":null,"suggestion_applicability":null,"expansion":{"span":{"file_name":"src\\lib.rs","byte_start":6060,"byte_end":6071,"line_start":210,"line_end":210,"column_start":1,"column_end":12,"is_primary":false,"text":[{"text":"#[pymodule]","highlight_start":1,"highlight_end":12}],"label":null,"suggested_replacement":null,"suggestion_applicability":null,"expansion":null},"macro_decl_name":"#[pymodule]","def_site_span":{"file_name":"C:\\Users\\vp199\\.cargo\\registry\\src\\index.crates.io-1949cf8c6b5b557f\\pyo3-macros-0.22.6\\src\\lib.rs","byte_start":2030,"byte_end":2099,"line_start":40,"line_end":40,"column_start":1,"column_end":70,"is_primary":false,"text":[{"text":"pub fn pymodule(args: TokenStream, input: TokenStream) -> TokenStream {","highlight_start":1,"highlight_end":70}],"label":null,"suggested_replacement":null,"suggestion_applicability":null,"expansion":null}}}],"children":[{"message":"the trait `From<BoundRef<'_, '_, pyo3::types::PyModule>>` is not implemented for `&pyo3::types::PyModule`","code":null,"level":"help","spans":[],"children":[],"rendered":null},{"message":"required for `BoundRef<'_, '_, pyo3::types::PyModule>` to implement `Into<&pyo3::types::PyModule>`","code":null,"level":"note","spans":[],"children":[],"rendered":null},{"message":"the full name for the type has been written to 'C:\\Users\\vp199\\Documents\\Projects\\GitHub\\AI-Trading-Agent\\rust_lag_features\\target\\debug\\deps\\rust_lag_features.long-type-11468733945853903891.txt'","code":null,"level":"note","spans":[],"children":[],"rendered":null},{"message":"consider using `--verbose` to print the full type name to the console","code":null,"level":"note","spans":[],"children":[],"rendered":null}],"rendered":"\u001b[0m\u001b[1m\u001b[38;5;9merror[E0277]\u001b[0m\u001b[0m\u001b[1m\u001b[38;5;15m: the trait bound `&PyModule: From<BoundRef<'_, '_, PyModule>>` is not satisfied\u001b[0m\n\u001b[0m   \u001b[0m\u001b[0m\u001b[1m\u001b[38;5;14m--> \u001b[0m\u001b[0msrc\\lib.rs:210:1\u001b[0m\n\u001b[0m    \u001b[0m\u001b[0m\u001b[1m\u001b[38;5;14m|\u001b[0m\n\u001b[0m\u001b[1m\u001b[38;5;14m210\u001b[0m\u001b[0m \u001b[0m\u001b[0m\u001b[1m\u001b[38;5;14m|\u001b[0m\u001b[0m \u001b[0m\u001b[0m#[pymodule]\u001b[0m\n\u001b[0m    \u001b[0m\u001b[0m\u001b[1m\u001b[38;5;14m|\u001b[0m\u001b[0m \u001b[0m\u001b[0m\u001b[1m\u001b[38;5;9m^^^^^^^^^^^\u001b[0m\u001b[0m \u001b[0m\u001b[0m\u001b[1m\u001b[38;5;9munsatisfied trait bound\u001b[0m\n\u001b[0m    \u001b[0m\u001b[0m\u001b[1m\u001b[38;5;14m|\u001b[0m\n\u001b[0m    \u001b[0m\u001b[0m\u001b[1m\u001b[38;5;14m= \u001b[0m\u001b[0m\u001b[1m\u001b[38;5;15mhelp\u001b[0m\u001b[0m: the trait `From<BoundRef<'_, '_, pyo3::types::PyModule>>` is not implemented for `&pyo3::types::PyModule`\u001b[0m\n\u001b[0m    \u001b[0m\u001b[0m\u001b[1m\u001b[38;5;14m= \u001b[0m\u001b[0m\u001b[1m\u001b[38;5;15mnote\u001b[0m\u001b[0m: required for `BoundRef<'_, '_, pyo3::types::PyModule>` to implement `Into<&pyo3::types::PyModule>`\u001b[0m\n\u001b[0m    \u001b[0m\u001b[0m\u001b[1m\u001b[38;5;14m= \u001b[0m\u001b[0m\u001b[1m\u001b[38;5;15mnote\u001b[0m\u001b[0m: the full name for the type has been written to 'C:\\Users\\vp199\\Documents\\Projects\\GitHub\\AI-Trading-Agent\\rust_lag_features\\target\\debug\\deps\\rust_lag_features.long-type-11468733945853903891.txt'\u001b[0m\n\u001b[0m    \u001b[0m\u001b[0m\u001b[1m\u001b[38;5;14m= \u001b[0m\u001b[0m\u001b[1m\u001b[38;5;15mnote\u001b[0m\u001b[0m: consider using `--verbose` to print the full type name to the console\u001b[0m\n\u001b[0m    \u001b[0m\u001b[0m\u001b[1m\u001b[38;5;14m= \u001b[0m\u001b[0m\u001b[1m\u001b[38;5;15mnote\u001b[0m\u001b[0m: this error originates in the attribute macro `pymodule` (in Nightly builds, run with -Z macro-backtrace for more info)\u001b[0m\n\n"}
{"$message_type":"diagnostic","message":"aborting due to 19 previous errors; 1 warning emitted","code":null,"level":"error","spans":[],"children":[],"rendered":"\u001b[0m\u001b[1m\u001b[38;5;9merror\u001b[0m\u001b[0m\u001b[1m\u001b[38;5;15m: aborting due to 19 previous errors; 1 warning emitted\u001b[0m\n\n"}
{"$message_type":"diagnostic","message":"Some errors have detailed explanations: E0277, E0599.","code":null,"level":"failure-note","spans":[],"children":[],"rendered":"\u001b[0m\u001b[1m\u001b[38;5;15mSome errors have detailed explanations: E0277, E0599.\u001b[0m\n"}
{"$message_type":"diagnostic","message":"For more information about an error, try `rustc --explain E0277`.","code":null,"level":"failure-note","spans":[],"children":[],"rendered":"\u001b[0m\u001b[1m\u001b[38;5;15mFor more information about an error, try `rustc --explain E0277`.\u001b[0m\n"}
